Using pre-set license
Built from '2022.3/staging' branch; Version is '2022.3.21f1 (bf09ca542b87) revision 12519882'; Using compiler version '192829333'; Build Type 'Release'
OS: 'Windows 11  (10.0.22631) 64bit Professional' Language: 'es' Physical Memory: 16109 MB
BatchMode: 1, IsHumanControllingUs: 0, StartBugReporterOnCrash: 0, Is64bit: 1, IsPro: 1

COMMAND LINE ARGUMENTS:
C:\Program Files\Unity\Hub\Editor\2022.3.21f1\Editor\Unity.exe
-adb2
-batchMode
-noUpm
-name
AssetImportWorker5
-projectPath
C:/Users/Juan/Desktop/RPGame/RPGame
-logFile
Logs/AssetImportWorker5.log
-srvPort
52869
Successfully changed project path to: C:/Users/Juan/Desktop/RPGame/RPGame
C:/Users/Juan/Desktop/RPGame/RPGame
[UnityMemory] Configuration Parameters - Can be set up in boot.config
    "memorysetup-bucket-allocator-granularity=16"
    "memorysetup-bucket-allocator-bucket-count=8"
    "memorysetup-bucket-allocator-block-size=33554432"
    "memorysetup-bucket-allocator-block-count=8"
    "memorysetup-main-allocator-block-size=16777216"
    "memorysetup-thread-allocator-block-size=16777216"
    "memorysetup-gfx-main-allocator-block-size=16777216"
    "memorysetup-gfx-thread-allocator-block-size=16777216"
    "memorysetup-cache-allocator-block-size=4194304"
    "memorysetup-typetree-allocator-block-size=2097152"
    "memorysetup-profiler-bucket-allocator-granularity=16"
    "memorysetup-profiler-bucket-allocator-bucket-count=8"
    "memorysetup-profiler-bucket-allocator-block-size=33554432"
    "memorysetup-profiler-bucket-allocator-block-count=8"
    "memorysetup-profiler-allocator-block-size=16777216"
    "memorysetup-profiler-editor-allocator-block-size=1048576"
    "memorysetup-temp-allocator-size-main=16777216"
    "memorysetup-job-temp-allocator-block-size=2097152"
    "memorysetup-job-temp-allocator-block-size-background=1048576"
    "memorysetup-job-temp-allocator-reduction-small-platforms=262144"
    "memorysetup-allocator-temp-initial-block-size-main=262144"
    "memorysetup-allocator-temp-initial-block-size-worker=262144"
    "memorysetup-temp-allocator-size-background-worker=32768"
    "memorysetup-temp-allocator-size-job-worker=262144"
    "memorysetup-temp-allocator-size-preload-manager=33554432"
    "memorysetup-temp-allocator-size-nav-mesh-worker=65536"
    "memorysetup-temp-allocator-size-audio-worker=65536"
    "memorysetup-temp-allocator-size-cloud-worker=32768"
    "memorysetup-temp-allocator-size-gi-baking-worker=262144"
    "memorysetup-temp-allocator-size-gfx=262144"
Player connection [9572] Host "[IP] 192.168.1.31 [Port] 0 [Flags] 2 [Guid] 3975787724 [EditorId] 3975787724 [Version] 1048832 [Id] WindowsEditor(7,DESKTOP-4SUNC2I) [Debug] 1 [PackageName] WindowsEditor [ProjectName] Editor" joined multi-casting on [225.0.0.222:54997]...

Player connection [9572] Host "[IP] 192.168.1.31 [Port] 0 [Flags] 2 [Guid] 3975787724 [EditorId] 3975787724 [Version] 1048832 [Id] WindowsEditor(7,DESKTOP-4SUNC2I) [Debug] 1 [PackageName] WindowsEditor [ProjectName] Editor" joined alternative multi-casting on [225.0.0.222:34997]...

[Physics::Module] Initialized MultithreadedJobDispatcher with 15 workers.
Refreshing native plugins compatible for Editor in 6.36 ms, found 3 plugins.
Preloading 0 native plugins for Editor in 0.00 ms.
Initialize engine version: 2022.3.21f1 (bf09ca542b87)
[Subsystems] Discovering subsystems at path C:/Program Files/Unity/Hub/Editor/2022.3.21f1/Editor/Data/Resources/UnitySubsystems
[Subsystems] Discovering subsystems at path C:/Users/Juan/Desktop/RPGame/RPGame/Assets
GfxDevice: creating device client; threaded=0; jobified=0
Direct3D:
    Version:  Direct3D 11.0 [level 11.1]
    Renderer: NVIDIA GeForce RTX 3050 Laptop GPU (ID=0x25a2)
    Vendor:   NVIDIA
    VRAM:     3977 MB
    Driver:   31.0.15.3770
Initialize mono
Mono path[0] = 'C:/Program Files/Unity/Hub/Editor/2022.3.21f1/Editor/Data/Managed'
Mono path[1] = 'C:/Program Files/Unity/Hub/Editor/2022.3.21f1/Editor/Data/MonoBleedingEdge/lib/mono/unityjit-win32'
Mono config path = 'C:/Program Files/Unity/Hub/Editor/2022.3.21f1/Editor/Data/MonoBleedingEdge/etc'
Using monoOptions --debugger-agent=transport=dt_socket,embedding=1,server=y,suspend=n,address=127.0.0.1:56696
Begin MonoManager ReloadAssembly
Registering precompiled unity dll's ...
Register platform support module: C:/Program Files/Unity/Hub/Editor/2022.3.21f1/Editor/Data/PlaybackEngines/WebGLSupport/UnityEditor.WebGL.Extensions.dll
Register platform support module: C:/Program Files/Unity/Hub/Editor/2022.3.21f1/Editor/Data/PlaybackEngines/WindowsStandaloneSupport/UnityEditor.WindowsStandalone.Extensions.dll
Registered in 0.006727 seconds.
- Loaded All Assemblies, in  0.434 seconds
Native extension for WindowsStandalone target not found
Native extension for WebGL target not found
Mono: successfully reloaded assembly
- Finished resetting the current domain, in  0.208 seconds
Domain Reload Profiling: 640ms
	BeginReloadAssembly (161ms)
		ExecutionOrderSort (0ms)
		DisableScriptedObjects (0ms)
		BackupInstance (0ms)
		ReleaseScriptingObjects (0ms)
		CreateAndSetChildDomain (1ms)
	RebuildCommonClasses (32ms)
	RebuildNativeTypeToScriptingClass (9ms)
	initialDomainReloadingComplete (56ms)
	LoadAllAssembliesAndSetupDomain (174ms)
		LoadAssemblies (161ms)
		RebuildTransferFunctionScriptingTraits (0ms)
		AnalyzeDomain (171ms)
			TypeCache.Refresh (170ms)
				TypeCache.ScanAssembly (151ms)
			ScanForSourceGeneratedMonoScriptInfo (0ms)
			ResolveRequiredComponents (0ms)
	FinalizeReload (208ms)
		ReleaseScriptCaches (0ms)
		RebuildScriptCaches (0ms)
		SetupLoadedEditorAssemblies (165ms)
			LogAssemblyErrors (0ms)
			InitializePlatformSupportModulesInManaged (7ms)
			SetLoadedEditorAssemblies (4ms)
			RefreshPlugins (0ms)
			BeforeProcessingInitializeOnLoad (2ms)
			ProcessInitializeOnLoadAttributes (112ms)
			ProcessInitializeOnLoadMethodAttributes (40ms)
			AfterProcessingInitializeOnLoad (0ms)
			EditorAssembliesLoaded (0ms)
		ExecutionOrderSort2 (0ms)
		AwakeInstancesAfterBackupRestoration (0ms)
========================================================================
Worker process is ready to serve import requests
Begin MonoManager ReloadAssembly
- Loaded All Assemblies, in  0.663 seconds
Refreshing native plugins compatible for Editor in 2.17 ms, found 3 plugins.
Native extension for WindowsStandalone target not found
Native extension for WebGL target not found
Package Manager log level set to [2]
[Package Manager] Server::EnsureServerProcessIsRunning -- launch failed, reason: Unity was launched with the -noUpm command-line argument
[Package Manager] UpmClient::Send -- Unable to send message (not connected to UPM process).
[Package Manager] Cannot connect to Unity Package Manager local server
Mono: successfully reloaded assembly
- Finished resetting the current domain, in  0.462 seconds
Domain Reload Profiling: 1124ms
	BeginReloadAssembly (131ms)
		ExecutionOrderSort (0ms)
		DisableScriptedObjects (5ms)
		BackupInstance (0ms)
		ReleaseScriptingObjects (0ms)
		CreateAndSetChildDomain (16ms)
	RebuildCommonClasses (24ms)
	RebuildNativeTypeToScriptingClass (8ms)
	initialDomainReloadingComplete (33ms)
	LoadAllAssembliesAndSetupDomain (466ms)
		LoadAssemblies (342ms)
		RebuildTransferFunctionScriptingTraits (0ms)
		AnalyzeDomain (201ms)
			TypeCache.Refresh (177ms)
				TypeCache.ScanAssembly (161ms)
			ScanForSourceGeneratedMonoScriptInfo (19ms)
			ResolveRequiredComponents (4ms)
	FinalizeReload (463ms)
		ReleaseScriptCaches (0ms)
		RebuildScriptCaches (0ms)
		SetupLoadedEditorAssemblies (334ms)
			LogAssemblyErrors (0ms)
			InitializePlatformSupportModulesInManaged (5ms)
			SetLoadedEditorAssemblies (2ms)
			RefreshPlugins (0ms)
			BeforeProcessingInitializeOnLoad (45ms)
			ProcessInitializeOnLoadAttributes (256ms)
			ProcessInitializeOnLoadMethodAttributes (20ms)
			AfterProcessingInitializeOnLoad (6ms)
			EditorAssembliesLoaded (0ms)
		ExecutionOrderSort2 (0ms)
		AwakeInstancesAfterBackupRestoration (7ms)
Launched and connected shader compiler UnityShaderCompiler.exe after 0.06 seconds
Refreshing native plugins compatible for Editor in 2.20 ms, found 3 plugins.
Preloading 0 native plugins for Editor in 0.00 ms.
Unloading 3288 Unused Serialized files (Serialized files now loaded: 0)
Unloading 45 unused Assets / (130.5 KB). Loaded Objects now: 3749.
Memory consumption went from 131.1 MB to 130.9 MB.
Total: 2.882600 ms (FindLiveObjects: 0.190700 ms CreateObjectMapping: 0.082200 ms MarkObjects: 2.504900 ms  DeleteObjects: 0.104000 ms)

AssetImportParameters requested are different than current active one (requested -> active):
  custom:container-demuxer-ogg: 62fdf1f143b41e24485cea50d1cbac27 -> 
  custom:video-codec-MediaFoundation-h265: 746d11721c4dcdbdad8f713fa42b33f4 -> 
  custom:video-decoder-ogg-theora: a1e56fd34408186e4bbccfd4996cb3dc -> 
  custom:framework-win-MediaFoundation: 216162199b28c13a410421893ffa2e32 -> 
  custom:CustomObjectIndexerAttribute: 9a22284fe3817be447336de3de66b15e -> 
  custom:container-demuxer-webm: 4f35f7cbe854078d1ac9338744f61a02 -> 
  custom:container-muxer-webm: aa71ff27fc2769a1b78a27578f13a17b -> 
  custom:video-decoder-webm-vp8: 9c59270c3fd7afecdb556c50c9e8de78 -> 
  custom:SearchIndexIgnoredProperties: e643bd26f0fe6173181afceb89e7c659 -> 
  custom:AudioImporter_EditorPlatform: d09bf68614088b80899f8185d706f6e7 -> 
  custom:video-encoder-webm-vp8: eb34c28f22e8b96e1ab97ce403110664 -> 
  custom:audio-decoder-ogg-vorbis: bf7c407c2cedff20999df2af8eb42d56 -> 
  custom:audio-encoder-webm-vorbis: bf7c407c2cedff20999df2af8eb42d56 -> 
========================================================================
Received Import Request.
  Time since last request: 7081.777445 seconds.
  path: Assets/Player ExplosiveLLC/RPG Character Animations/Animations/1Hand-Item/RPG-Character@Item-Attack-L2.FBX
  artifactKey: Guid(6225a58c8d4165e42b647612da98e223) Importer(815301076,1909f56bfc062723c751e8b465ee728b)
Start importing Assets/Player ExplosiveLLC/RPG Character Animations/Animations/1Hand-Item/RPG-Character@Item-Attack-L2.FBX using Guid(6225a58c8d4165e42b647612da98e223) Importer(815301076,1909f56bfc062723c751e8b465ee728b)  -> (artifact id: '754372c6869684beffb2e4e507871d9d') in 0.038453 seconds
Number of updated asset objects reloaded before import = 0
Number of asset objects unloaded after import = 113
========================================================================
Received Import Request.
  Time since last request: 0.000023 seconds.
  path: Assets/Player ExplosiveLLC/RPG Character Animations/Animations/1Hand-Item/RPG-Character@Item-Attack-R1.FBX
  artifactKey: Guid(139cdcaf43b49ad41ac734cb33db9763) Importer(815301076,1909f56bfc062723c751e8b465ee728b)
Start importing Assets/Player ExplosiveLLC/RPG Character Animations/Animations/1Hand-Item/RPG-Character@Item-Attack-R1.FBX using Guid(139cdcaf43b49ad41ac734cb33db9763) Importer(815301076,1909f56bfc062723c751e8b465ee728b)  -> (artifact id: 'ce5653bc1dc52e3370d524d547a05ec7') in 0.004344 seconds
Number of updated asset objects reloaded before import = 0
Number of asset objects unloaded after import = 113
========================================================================
Received Import Request.
  Time since last request: 0.000011 seconds.
  path: Assets/Player ExplosiveLLC/RPG Character Animations/Animations/1Hand-Item/RPG-Character@Item-Attack-R2.FBX
  artifactKey: Guid(eb7fe1f8e20448f4c8ce2b3bde5b235c) Importer(815301076,1909f56bfc062723c751e8b465ee728b)
Start importing Assets/Player ExplosiveLLC/RPG Character Animations/Animations/1Hand-Item/RPG-Character@Item-Attack-R2.FBX using Guid(eb7fe1f8e20448f4c8ce2b3bde5b235c) Importer(815301076,1909f56bfc062723c751e8b465ee728b)  -> (artifact id: '9093527456691a6e7b51624abaa5f1f6') in 0.005317 seconds
Number of updated asset objects reloaded before import = 0
Number of asset objects unloaded after import = 113
========================================================================
Received Import Request.
  Time since last request: 0.000013 seconds.
  path: Assets/Player ExplosiveLLC/RPG Character Animations/Animations/1Hand-Item/RPG-Character@Item-Attack-L3.FBX
  artifactKey: Guid(8fdd79911261ab148bc00c6823b794c9) Importer(815301076,1909f56bfc062723c751e8b465ee728b)
Start importing Assets/Player ExplosiveLLC/RPG Character Animations/Animations/1Hand-Item/RPG-Character@Item-Attack-L3.FBX using Guid(8fdd79911261ab148bc00c6823b794c9) Importer(815301076,1909f56bfc062723c751e8b465ee728b)  -> (artifact id: '36097b18c34e3c30c186326e0d6d3a1e') in 0.005797 seconds
Number of updated asset objects reloaded before import = 0
Number of asset objects unloaded after import = 113
========================================================================
Received Import Request.
  Time since last request: 2.198355 seconds.
  path: Assets/Player ExplosiveLLC/RPG Character Animations/Animations/2Hand-Crossbow/RPG-Character@2Hand-Crossbow-Aiming.FBX
  artifactKey: Guid(775b35ef17a0cb342ada452b7e343629) Importer(815301076,1909f56bfc062723c751e8b465ee728b)
Start importing Assets/Player ExplosiveLLC/RPG Character Animations/Animations/2Hand-Crossbow/RPG-Character@2Hand-Crossbow-Aiming.FBX using Guid(775b35ef17a0cb342ada452b7e343629) Importer(815301076,1909f56bfc062723c751e8b465ee728b)  -> (artifact id: '24e6b2c8562acc0f0685334e157d7633') in 0.007792 seconds
Number of updated asset objects reloaded before import = 0
Number of asset objects unloaded after import = 121
========================================================================
Received Import Request.
  Time since last request: 0.000015 seconds.
  path: Assets/Player ExplosiveLLC/RPG Character Animations/Animations/2Hand-Crossbow/RPG-Character@2Hand-Crossbow-Attack2.FBX
  artifactKey: Guid(1d163d3119234654a8b9772000f34f88) Importer(815301076,1909f56bfc062723c751e8b465ee728b)
Start importing Assets/Player ExplosiveLLC/RPG Character Animations/Animations/2Hand-Crossbow/RPG-Character@2Hand-Crossbow-Attack2.FBX using Guid(1d163d3119234654a8b9772000f34f88) Importer(815301076,1909f56bfc062723c751e8b465ee728b)  -> (artifact id: '10ce189def382c0db409297212c5ed45') in 0.004781 seconds
Number of updated asset objects reloaded before import = 0
Number of asset objects unloaded after import = 113
========================================================================
Received Import Request.
  Time since last request: 0.000013 seconds.
  path: Assets/Player ExplosiveLLC/RPG Character Animations/Animations/2Hand-Crossbow/RPG-Character@2Hand-Crossbow-Block-GetHit2.FBX
  artifactKey: Guid(5819315c7699ecf40a5aedc9d5bc825c) Importer(815301076,1909f56bfc062723c751e8b465ee728b)
Start importing Assets/Player ExplosiveLLC/RPG Character Animations/Animations/2Hand-Crossbow/RPG-Character@2Hand-Crossbow-Block-GetHit2.FBX using Guid(5819315c7699ecf40a5aedc9d5bc825c) Importer(815301076,1909f56bfc062723c751e8b465ee728b)  -> (artifact id: '72ae4abac2c6a02e8b1a1bb253eb6541') in 0.003942 seconds
Number of updated asset objects reloaded before import = 0
Number of asset objects unloaded after import = 113
========================================================================
Received Import Request.
  Time since last request: 0.000034 seconds.
  path: Assets/Player ExplosiveLLC/RPG Character Animations/Animations/2Hand-Crossbow/RPG-Character@2Hand-Crossbow-Crouch-Walk-Backward.FBX
  artifactKey: Guid(9237cba81a176a5468c3f49136ac176f) Importer(815301076,1909f56bfc062723c751e8b465ee728b)
Start importing Assets/Player ExplosiveLLC/RPG Character Animations/Animations/2Hand-Crossbow/RPG-Character@2Hand-Crossbow-Crouch-Walk-Backward.FBX using Guid(9237cba81a176a5468c3f49136ac176f) Importer(815301076,1909f56bfc062723c751e8b465ee728b)  -> (artifact id: '4e8dfa112c037c29d734f713fa1078c8') in 0.003383 seconds
Number of updated asset objects reloaded before import = 0
Number of asset objects unloaded after import = 113
========================================================================
Received Import Request.
  Time since last request: 0.000010 seconds.
  path: Assets/Player ExplosiveLLC/RPG Character Animations/Animations/2Hand-Crossbow/RPG-Character@2Hand-Crossbow-Crouch-Idle.FBX
  artifactKey: Guid(cef98c2441e2ea94fbb47568aa75bda0) Importer(815301076,1909f56bfc062723c751e8b465ee728b)
Start importing Assets/Player ExplosiveLLC/RPG Character Animations/Animations/2Hand-Crossbow/RPG-Character@2Hand-Crossbow-Crouch-Idle.FBX using Guid(cef98c2441e2ea94fbb47568aa75bda0) Importer(815301076,1909f56bfc062723c751e8b465ee728b)  -> (artifact id: 'd1d33f37afd2cc3d1f47207b0371c2b0') in 0.004933 seconds
Number of updated asset objects reloaded before import = 0
Number of asset objects unloaded after import = 113
========================================================================
Received Import Request.
  Time since last request: 0.000012 seconds.
  path: Assets/Player ExplosiveLLC/RPG Character Animations/Animations/2Hand-Crossbow/RPG-Character@2Hand-Crossbow-Attack-Kick-L2.FBX
  artifactKey: Guid(2e1aa009e570e074ba7c17583e1eddb2) Importer(815301076,1909f56bfc062723c751e8b465ee728b)
Start importing Assets/Player ExplosiveLLC/RPG Character Animations/Animations/2Hand-Crossbow/RPG-Character@2Hand-Crossbow-Attack-Kick-L2.FBX using Guid(2e1aa009e570e074ba7c17583e1eddb2) Importer(815301076,1909f56bfc062723c751e8b465ee728b)  -> (artifact id: '0672df88fa9952958892e25f695a7d3b') in 0.003582 seconds
Number of updated asset objects reloaded before import = 0
Number of asset objects unloaded after import = 113
========================================================================
Received Import Request.
  Time since last request: 0.000010 seconds.
  path: Assets/Player ExplosiveLLC/RPG Character Animations/Animations/2Hand-Crossbow/RPG-Character@2Hand-Crossbow-Attack6.FBX
  artifactKey: Guid(5f340b6c21a3c4f4ebf42d1187ff87b9) Importer(815301076,1909f56bfc062723c751e8b465ee728b)
Start importing Assets/Player ExplosiveLLC/RPG Character Animations/Animations/2Hand-Crossbow/RPG-Character@2Hand-Crossbow-Attack6.FBX using Guid(5f340b6c21a3c4f4ebf42d1187ff87b9) Importer(815301076,1909f56bfc062723c751e8b465ee728b)  -> (artifact id: '526776f158c49046a578da0d1e5e9d3b') in 0.003543 seconds
Number of updated asset objects reloaded before import = 0
Number of asset objects unloaded after import = 113
========================================================================
Received Import Request.
  Time since last request: 0.000016 seconds.
  path: Assets/Player ExplosiveLLC/RPG Character Animations/Animations/2Hand-Crossbow/RPG-Character@2Hand-Crossbow-Crouch-Walk-Backward-Left.FBX
  artifactKey: Guid(22c3ae157d2f772419eff2389a7bd185) Importer(815301076,1909f56bfc062723c751e8b465ee728b)
Start importing Assets/Player ExplosiveLLC/RPG Character Animations/Animations/2Hand-Crossbow/RPG-Character@2Hand-Crossbow-Crouch-Walk-Backward-Left.FBX using Guid(22c3ae157d2f772419eff2389a7bd185) Importer(815301076,1909f56bfc062723c751e8b465ee728b)  -> (artifact id: '2f43d3023d3abd43a07ccede55e9ec83') in 0.003960 seconds
Number of updated asset objects reloaded before import = 0
Number of asset objects unloaded after import = 113
========================================================================
Received Import Request.
  Time since last request: 0.000015 seconds.
  path: Assets/Player ExplosiveLLC/RPG Character Animations/Animations/2Hand-Crossbow/RPG-Character@2Hand-Crossbow-Attack4.FBX
  artifactKey: Guid(dc37d7735d04bf74e9edd5ad2ca6eb33) Importer(815301076,1909f56bfc062723c751e8b465ee728b)
Start importing Assets/Player ExplosiveLLC/RPG Character Animations/Animations/2Hand-Crossbow/RPG-Character@2Hand-Crossbow-Attack4.FBX using Guid(dc37d7735d04bf74e9edd5ad2ca6eb33) Importer(815301076,1909f56bfc062723c751e8b465ee728b)  -> (artifact id: '65471eb1a993fe8a7fa634764addff06') in 0.004914 seconds
Number of updated asset objects reloaded before import = 0
Number of asset objects unloaded after import = 113
========================================================================
Received Import Request.
  Time since last request: 0.000012 seconds.
  path: Assets/Player ExplosiveLLC/RPG Character Animations/Animations/2Hand-Crossbow/RPG-Character@2Hand-Crossbow-Attack-Kick-R2.FBX
  artifactKey: Guid(7ec232e706924f5478aa3bde3fa8f394) Importer(815301076,1909f56bfc062723c751e8b465ee728b)
Start importing Assets/Player ExplosiveLLC/RPG Character Animations/Animations/2Hand-Crossbow/RPG-Character@2Hand-Crossbow-Attack-Kick-R2.FBX using Guid(7ec232e706924f5478aa3bde3fa8f394) Importer(815301076,1909f56bfc062723c751e8b465ee728b)  -> (artifact id: '1f707f397528c4ce32acf1e547f8e4c8') in 0.004409 seconds
Number of updated asset objects reloaded before import = 0
Number of asset objects unloaded after import = 113
========================================================================
Received Import Request.
  Time since last request: 1.765554 seconds.
  path: Assets/Player ExplosiveLLC/RPG Character Animations/Animations/Armed/RPG-Character@Armed-Air-Attack-L1.FBX
  artifactKey: Guid(7d0f283446bd36c4b834f940b9f41618) Importer(815301076,1909f56bfc062723c751e8b465ee728b)
Start importing Assets/Player ExplosiveLLC/RPG Character Animations/Animations/Armed/RPG-Character@Armed-Air-Attack-L1.FBX using Guid(7d0f283446bd36c4b834f940b9f41618) Importer(815301076,1909f56bfc062723c751e8b465ee728b)  -> (artifact id: 'e3f12a9439b84f4a81b653bce17d9416') in 0.005968 seconds
Number of updated asset objects reloaded before import = 0
Number of asset objects unloaded after import = 113
========================================================================
Received Import Request.
  Time since last request: 0.000022 seconds.
  path: Assets/Player ExplosiveLLC/RPG Character Animations/Animations/Armed/RPG-Character@Armed-Block-Dual-GetHit1.FBX
  artifactKey: Guid(86545d35bde0a5e4f97ca475044bc3de) Importer(815301076,1909f56bfc062723c751e8b465ee728b)
Start importing Assets/Player ExplosiveLLC/RPG Character Animations/Animations/Armed/RPG-Character@Armed-Block-Dual-GetHit1.FBX using Guid(86545d35bde0a5e4f97ca475044bc3de) Importer(815301076,1909f56bfc062723c751e8b465ee728b)  -> (artifact id: '8a712dc0c1b9c22e8155c6537b30a463') in 0.005472 seconds
Number of updated asset objects reloaded before import = 0
Number of asset objects unloaded after import = 113
========================================================================
Received Import Request.
  Time since last request: 0.000021 seconds.
  path: Assets/Player ExplosiveLLC/RPG Character Animations/Animations/Armed/RPG-Character@Armed-Block-R.FBX
  artifactKey: Guid(fa958fb76ef3c58488343f9b51f4df15) Importer(815301076,1909f56bfc062723c751e8b465ee728b)
Start importing Assets/Player ExplosiveLLC/RPG Character Animations/Animations/Armed/RPG-Character@Armed-Block-R.FBX using Guid(fa958fb76ef3c58488343f9b51f4df15) Importer(815301076,1909f56bfc062723c751e8b465ee728b)  -> (artifact id: 'c4031a40e282f75cf7d32da41840b098') in 0.008577 seconds
Number of updated asset objects reloaded before import = 0
Number of asset objects unloaded after import = 113
========================================================================
Received Import Request.
  Time since last request: 0.000036 seconds.
  path: Assets/Player ExplosiveLLC/RPG Character Animations/Animations/Armed/RPG-Character@Armed-Attack-Kick-L2.FBX
  artifactKey: Guid(c48199f0305d51e449b7bf02340b713f) Importer(815301076,1909f56bfc062723c751e8b465ee728b)
Start importing Assets/Player ExplosiveLLC/RPG Character Animations/Animations/Armed/RPG-Character@Armed-Attack-Kick-L2.FBX using Guid(c48199f0305d51e449b7bf02340b713f) Importer(815301076,1909f56bfc062723c751e8b465ee728b)  -> (artifact id: 'ecf82c5ecb002c3cdbb5390e833e527e') in 0.005046 seconds
Number of updated asset objects reloaded before import = 0
Number of asset objects unloaded after import = 113
========================================================================
Received Import Request.
  Time since last request: 0.000014 seconds.
  path: Assets/Player ExplosiveLLC/RPG Character Animations/Animations/Armed/RPG-Character@Armed-Attack-Kick-L1.FBX
  artifactKey: Guid(5e0355c488f8d8948946cc7ff12e360e) Importer(815301076,1909f56bfc062723c751e8b465ee728b)
Start importing Assets/Player ExplosiveLLC/RPG Character Animations/Animations/Armed/RPG-Character@Armed-Attack-Kick-L1.FBX using Guid(5e0355c488f8d8948946cc7ff12e360e) Importer(815301076,1909f56bfc062723c751e8b465ee728b)  -> (artifact id: '968c5b703aed46f4770e5a14454b8ead') in 0.004626 seconds
Number of updated asset objects reloaded before import = 0
Number of asset objects unloaded after import = 113
========================================================================
Received Import Request.
  Time since last request: 0.000018 seconds.
  path: Assets/Player ExplosiveLLC/RPG Character Animations/Animations/Armed/RPG-Character@Armed-Attack-Kick-R1.FBX
  artifactKey: Guid(2f59a7be27a49f84ba3bbd3f0e75f490) Importer(815301076,1909f56bfc062723c751e8b465ee728b)
Start importing Assets/Player ExplosiveLLC/RPG Character Animations/Animations/Armed/RPG-Character@Armed-Attack-Kick-R1.FBX using Guid(2f59a7be27a49f84ba3bbd3f0e75f490) Importer(815301076,1909f56bfc062723c751e8b465ee728b)  -> (artifact id: '3f848bf61e3f81b4c80ed74df1b0013e') in 0.003056 seconds
Number of updated asset objects reloaded before import = 0
Number of asset objects unloaded after import = 113
========================================================================
Received Import Request.
  Time since last request: 0.000023 seconds.
  path: Assets/Player ExplosiveLLC/RPG Character Animations/Animations/Armed/RPG-Character@Armed-Boost1.FBX
  artifactKey: Guid(c7c507f81ea2cbc479ad2f04d082f3ee) Importer(815301076,1909f56bfc062723c751e8b465ee728b)
Start importing Assets/Player ExplosiveLLC/RPG Character Animations/Animations/Armed/RPG-Character@Armed-Boost1.FBX using Guid(c7c507f81ea2cbc479ad2f04d082f3ee) Importer(815301076,1909f56bfc062723c751e8b465ee728b)  -> (artifact id: 'a881996f461e0feae48f5d31878b648b') in 0.004534 seconds
Number of updated asset objects reloaded before import = 0
Number of asset objects unloaded after import = 113
========================================================================
Received Import Request.
  Time since last request: 0.000013 seconds.
  path: Assets/Player ExplosiveLLC/RPG Character Animations/Animations/Armed/RPG-Character@Armed-Attack-Dual2.FBX
  artifactKey: Guid(e550e30a1b0df2c46b6fa4724955402f) Importer(815301076,1909f56bfc062723c751e8b465ee728b)
Start importing Assets/Player ExplosiveLLC/RPG Character Animations/Animations/Armed/RPG-Character@Armed-Attack-Dual2.FBX using Guid(e550e30a1b0df2c46b6fa4724955402f) Importer(815301076,1909f56bfc062723c751e8b465ee728b)  -> (artifact id: '2181ee6fc599f010e9908540ad54ee11') in 0.003894 seconds
Number of updated asset objects reloaded before import = 0
Number of asset objects unloaded after import = 113
========================================================================
Received Import Request.
  Time since last request: 4.337675 seconds.
  path: Assets/Player ExplosiveLLC/RPG Character Animations/Animations/Armed-Shield/RPG-Character@Shield-Attack2.fbx
  artifactKey: Guid(b34c71b473cb22a4c8415e70f26bb299) Importer(815301076,1909f56bfc062723c751e8b465ee728b)
Start importing Assets/Player ExplosiveLLC/RPG Character Animations/Animations/Armed-Shield/RPG-Character@Shield-Attack2.fbx using Guid(b34c71b473cb22a4c8415e70f26bb299) Importer(815301076,1909f56bfc062723c751e8b465ee728b)  -> (artifact id: 'a513bd8efb61cc3c66c497d1b30a9ceb') in 0.007697 seconds
Number of updated asset objects reloaded before import = 0
Number of asset objects unloaded after import = 113
========================================================================
Received Import Request.
  Time since last request: 0.000017 seconds.
  path: Assets/Player ExplosiveLLC/RPG Character Animations/Animations/Armed-Shield/RPG-Character@Shield-Run-Backward-Right.fbx
  artifactKey: Guid(d39ea4a96f4662f4a9e9636338a45fde) Importer(815301076,1909f56bfc062723c751e8b465ee728b)
Start importing Assets/Player ExplosiveLLC/RPG Character Animations/Animations/Armed-Shield/RPG-Character@Shield-Run-Backward-Right.fbx using Guid(d39ea4a96f4662f4a9e9636338a45fde) Importer(815301076,1909f56bfc062723c751e8b465ee728b)  -> (artifact id: '6f8e32830f25cef559dc90427f9bd05a') in 0.008570 seconds
Number of updated asset objects reloaded before import = 0
Number of asset objects unloaded after import = 113
========================================================================
Received Import Request.
  Time since last request: 0.000019 seconds.
  path: Assets/Player ExplosiveLLC/RPG Character Animations/Animations/Armed-Shield/RPG-Character@Shield-Pickup.fbx
  artifactKey: Guid(76fd98d0cd26e454fa97be0e13933287) Importer(815301076,1909f56bfc062723c751e8b465ee728b)
Start importing Assets/Player ExplosiveLLC/RPG Character Animations/Animations/Armed-Shield/RPG-Character@Shield-Pickup.fbx using Guid(76fd98d0cd26e454fa97be0e13933287) Importer(815301076,1909f56bfc062723c751e8b465ee728b)  -> (artifact id: 'ac714fd2cb0f3a4fc048df464d8de8c5') in 0.007709 seconds
Number of updated asset objects reloaded before import = 0
Number of asset objects unloaded after import = 113
========================================================================
Received Import Request.
  Time since last request: 0.000028 seconds.
  path: Assets/Player ExplosiveLLC/RPG Character Animations/Animations/Armed-Shield/RPG-Character@Shield-Idle-Static.fbx
  artifactKey: Guid(263115d9d97e0c64db619ee0c4ea3edf) Importer(815301076,1909f56bfc062723c751e8b465ee728b)
Start importing Assets/Player ExplosiveLLC/RPG Character Animations/Animations/Armed-Shield/RPG-Character@Shield-Idle-Static.fbx using Guid(263115d9d97e0c64db619ee0c4ea3edf) Importer(815301076,1909f56bfc062723c751e8b465ee728b)  -> (artifact id: 'd092b74634ac55937d586ec5b7ec3ecd') in 0.005803 seconds
Number of updated asset objects reloaded before import = 0
Number of asset objects unloaded after import = 113
========================================================================
Received Import Request.
  Time since last request: 0.000014 seconds.
  path: Assets/Player ExplosiveLLC/RPG Character Animations/Animations/Armed-Shield/RPG-Character@Shield-Block.fbx
  artifactKey: Guid(f6cee4b116817bd439a3c2a645702d15) Importer(815301076,1909f56bfc062723c751e8b465ee728b)
Start importing Assets/Player ExplosiveLLC/RPG Character Animations/Animations/Armed-Shield/RPG-Character@Shield-Block.fbx using Guid(f6cee4b116817bd439a3c2a645702d15) Importer(815301076,1909f56bfc062723c751e8b465ee728b)  -> (artifact id: 'f6484a80a6a72871b39c8fdc7bd12d9d') in 0.004051 seconds
Number of updated asset objects reloaded before import = 0
Number of asset objects unloaded after import = 113
========================================================================
Received Import Request.
  Time since last request: 1.886397 seconds.
  path: Assets/Player ExplosiveLLC/RPG Character Animations/Animations/Relax/RPG-Character@Relax-Bow2.FBX
  artifactKey: Guid(a96f722fc31cd7540bb4515a4d91f4bf) Importer(815301076,1909f56bfc062723c751e8b465ee728b)
Start importing Assets/Player ExplosiveLLC/RPG Character Animations/Animations/Relax/RPG-Character@Relax-Bow2.FBX using Guid(a96f722fc31cd7540bb4515a4d91f4bf) Importer(815301076,1909f56bfc062723c751e8b465ee728b)  -> (artifact id: '02930762e2c2024afd39fcbfbf66274c') in 0.004987 seconds
Number of updated asset objects reloaded before import = 0
Number of asset objects unloaded after import = 113
========================================================================
Received Import Request.
  Time since last request: 0.000020 seconds.
  path: Assets/Player ExplosiveLLC/RPG Character Animations/Animations/Relax/RPG-Character@Relax-Run-Backward.FBX
  artifactKey: Guid(c77336afa7339944da6474a25884cf22) Importer(815301076,1909f56bfc062723c751e8b465ee728b)
Start importing Assets/Player ExplosiveLLC/RPG Character Animations/Animations/Relax/RPG-Character@Relax-Run-Backward.FBX using Guid(c77336afa7339944da6474a25884cf22) Importer(815301076,1909f56bfc062723c751e8b465ee728b)  -> (artifact id: '44f056cd51eb7a28175f2e4fc5d50415') in 0.006519 seconds
Number of updated asset objects reloaded before import = 0
Number of asset objects unloaded after import = 113
========================================================================
Received Import Request.
  Time since last request: 0.000017 seconds.
  path: Assets/Player ExplosiveLLC/RPG Character Animations/Animations/Relax/RPG-Character@Relax-Laydown-Sleep.FBX
  artifactKey: Guid(220829d0429d0114d893a64d9dcbd853) Importer(815301076,1909f56bfc062723c751e8b465ee728b)
Start importing Assets/Player ExplosiveLLC/RPG Character Animations/Animations/Relax/RPG-Character@Relax-Laydown-Sleep.FBX using Guid(220829d0429d0114d893a64d9dcbd853) Importer(815301076,1909f56bfc062723c751e8b465ee728b)  -> (artifact id: '7b2f6cde6d19b2f7fbd1571ba9a4168e') in 0.005741 seconds
Number of updated asset objects reloaded before import = 0
Number of asset objects unloaded after import = 113
========================================================================
Received Import Request.
  Time since last request: 0.000022 seconds.
  path: Assets/Player ExplosiveLLC/RPG Character Animations/Animations/Relax/RPG-Character@Relax-Run-Forward.FBX
  artifactKey: Guid(2122cfd2fe552734398a68a48f5151b6) Importer(815301076,1909f56bfc062723c751e8b465ee728b)
Start importing Assets/Player ExplosiveLLC/RPG Character Animations/Animations/Relax/RPG-Character@Relax-Run-Forward.FBX using Guid(2122cfd2fe552734398a68a48f5151b6) Importer(815301076,1909f56bfc062723c751e8b465ee728b)  -> (artifact id: '479ee2a26c6282b19dcceb9b483e6661') in 0.007003 seconds
Number of updated asset objects reloaded before import = 0
Number of asset objects unloaded after import = 113
========================================================================
Received Import Request.
  Time since last request: 0.000026 seconds.
  path: Assets/Player ExplosiveLLC/RPG Character Animations/Animations/Relax/RPG-Character@Relax-Idle-Drunk1.FBX
  artifactKey: Guid(7036b8f3b0029f342b4e2d9a2bdf495f) Importer(815301076,1909f56bfc062723c751e8b465ee728b)
Start importing Assets/Player ExplosiveLLC/RPG Character Animations/Animations/Relax/RPG-Character@Relax-Idle-Drunk1.FBX using Guid(7036b8f3b0029f342b4e2d9a2bdf495f) Importer(815301076,1909f56bfc062723c751e8b465ee728b)  -> (artifact id: '4e22ac43faca9de2b72fd6c925e8b1f5') in 0.010750 seconds
Number of updated asset objects reloaded before import = 0
Number of asset objects unloaded after import = 113
========================================================================
Received Import Request.
  Time since last request: 0.766434 seconds.
  path: Assets/Player ExplosiveLLC/RPG Character Animations/Animations/Unarmed/RPG-Character@Unarmed-Attack-Kick-L1.FBX
  artifactKey: Guid(ce8a7098226991b4089e60f8da0ac630) Importer(815301076,1909f56bfc062723c751e8b465ee728b)
Start importing Assets/Player ExplosiveLLC/RPG Character Animations/Animations/Unarmed/RPG-Character@Unarmed-Attack-Kick-L1.FBX using Guid(ce8a7098226991b4089e60f8da0ac630) Importer(815301076,1909f56bfc062723c751e8b465ee728b)  -> (artifact id: 'a0243cdd7a76870d2914466dd5af4dbd') in 0.005110 seconds
Number of updated asset objects reloaded before import = 0
Number of asset objects unloaded after import = 113
========================================================================
Received Import Request.
  Time since last request: 0.000016 seconds.
  path: Assets/Player ExplosiveLLC/RPG Character Animations/Animations/Unarmed/RPG-Character@Unarmed-Boost1.FBX
  artifactKey: Guid(baa66351008bd834e92f7ebe4b1dedd5) Importer(815301076,1909f56bfc062723c751e8b465ee728b)
Start importing Assets/Player ExplosiveLLC/RPG Character Animations/Animations/Unarmed/RPG-Character@Unarmed-Boost1.FBX using Guid(baa66351008bd834e92f7ebe4b1dedd5) Importer(815301076,1909f56bfc062723c751e8b465ee728b)  -> (artifact id: 'd8cccc137cc4df50900ba9713ebfc8ff') in 0.005238 seconds
Number of updated asset objects reloaded before import = 0
Number of asset objects unloaded after import = 113
========================================================================
Received Import Request.
  Time since last request: 0.000018 seconds.
  path: Assets/Player ExplosiveLLC/RPG Character Animations/Animations/Unarmed/RPG-Character@Unarmed-Block.FBX
  artifactKey: Guid(884ca423a24fb5541b2c91f9986642a5) Importer(815301076,1909f56bfc062723c751e8b465ee728b)
Start importing Assets/Player ExplosiveLLC/RPG Character Animations/Animations/Unarmed/RPG-Character@Unarmed-Block.FBX using Guid(884ca423a24fb5541b2c91f9986642a5) Importer(815301076,1909f56bfc062723c751e8b465ee728b)  -> (artifact id: 'c0522c5441af3925c290e623373636f5') in 0.007149 seconds
Number of updated asset objects reloaded before import = 0
Number of asset objects unloaded after import = 113
========================================================================
Received Import Request.
  Time since last request: 0.000018 seconds.
  path: Assets/Player ExplosiveLLC/RPG Character Animations/Animations/Unarmed/RPG-Character@Unarmed-Block-GetHit2.FBX
  artifactKey: Guid(6ebbdf2fe19450945a6c19125fd44d26) Importer(815301076,1909f56bfc062723c751e8b465ee728b)
Start importing Assets/Player ExplosiveLLC/RPG Character Animations/Animations/Unarmed/RPG-Character@Unarmed-Block-GetHit2.FBX using Guid(6ebbdf2fe19450945a6c19125fd44d26) Importer(815301076,1909f56bfc062723c751e8b465ee728b)  -> (artifact id: 'df511f94d1247131a2bf9ef1898739c7') in 0.004356 seconds
Number of updated asset objects reloaded before import = 0
Number of asset objects unloaded after import = 113
========================================================================
Received Import Request.
  Time since last request: 0.000017 seconds.
  path: Assets/Player ExplosiveLLC/RPG Character Animations/Animations/Unarmed/RPG-Character@Unarmed-Cast-Dual-Attack2.FBX
  artifactKey: Guid(03a5f073541dc7749b0149436d3b8492) Importer(815301076,1909f56bfc062723c751e8b465ee728b)
Start importing Assets/Player ExplosiveLLC/RPG Character Animations/Animations/Unarmed/RPG-Character@Unarmed-Cast-Dual-Attack2.FBX using Guid(03a5f073541dc7749b0149436d3b8492) Importer(815301076,1909f56bfc062723c751e8b465ee728b)  -> (artifact id: '97fe840deb3110f5d231f949884e0554') in 0.004748 seconds
Number of updated asset objects reloaded before import = 0
Number of asset objects unloaded after import = 115
Editor requested this worker to shutdown with reason: Scaling down because of idle timeout
TcpMessagingSession - receive error: operation aborted. errorcode: 995, details: La operación de E/S se anuló por una salida de subproceso o por una solicitud de aplicación.
AssetImportWorker is now disconnected from the server
Process exiting
Exiting without the bug reporter. Application will terminate with return code 0