Using pre-set license
Built from '2022.3/staging' branch; Version is '2022.3.21f1 (bf09ca542b87) revision 12519882'; Using compiler version '192829333'; Build Type 'Release'
OS: 'Windows 11  (10.0.22631) 64bit Professional' Language: 'es' Physical Memory: 16109 MB
BatchMode: 1, IsHumanControllingUs: 0, StartBugReporterOnCrash: 0, Is64bit: 1, IsPro: 1

COMMAND LINE ARGUMENTS:
C:\Program Files\Unity\Hub\Editor\2022.3.21f1\Editor\Unity.exe
-adb2
-batchMode
-noUpm
-name
AssetImportWorker6
-projectPath
C:/Users/Juan/Desktop/RPGame/RPGame
-logFile
Logs/AssetImportWorker6.log
-srvPort
52869
Successfully changed project path to: C:/Users/Juan/Desktop/RPGame/RPGame
C:/Users/Juan/Desktop/RPGame/RPGame
[UnityMemory] Configuration Parameters - Can be set up in boot.config
    "memorysetup-bucket-allocator-granularity=16"
    "memorysetup-bucket-allocator-bucket-count=8"
    "memorysetup-bucket-allocator-block-size=33554432"
    "memorysetup-bucket-allocator-block-count=8"
    "memorysetup-main-allocator-block-size=16777216"
    "memorysetup-thread-allocator-block-size=16777216"
    "memorysetup-gfx-main-allocator-block-size=16777216"
    "memorysetup-gfx-thread-allocator-block-size=16777216"
    "memorysetup-cache-allocator-block-size=4194304"
    "memorysetup-typetree-allocator-block-size=2097152"
    "memorysetup-profiler-bucket-allocator-granularity=16"
    "memorysetup-profiler-bucket-allocator-bucket-count=8"
    "memorysetup-profiler-bucket-allocator-block-size=33554432"
    "memorysetup-profiler-bucket-allocator-block-count=8"
    "memorysetup-profiler-allocator-block-size=16777216"
    "memorysetup-profiler-editor-allocator-block-size=1048576"
    "memorysetup-temp-allocator-size-main=16777216"
    "memorysetup-job-temp-allocator-block-size=2097152"
    "memorysetup-job-temp-allocator-block-size-background=1048576"
    "memorysetup-job-temp-allocator-reduction-small-platforms=262144"
    "memorysetup-allocator-temp-initial-block-size-main=262144"
    "memorysetup-allocator-temp-initial-block-size-worker=262144"
    "memorysetup-temp-allocator-size-background-worker=32768"
    "memorysetup-temp-allocator-size-job-worker=262144"
    "memorysetup-temp-allocator-size-preload-manager=33554432"
    "memorysetup-temp-allocator-size-nav-mesh-worker=65536"
    "memorysetup-temp-allocator-size-audio-worker=65536"
    "memorysetup-temp-allocator-size-cloud-worker=32768"
    "memorysetup-temp-allocator-size-gi-baking-worker=262144"
    "memorysetup-temp-allocator-size-gfx=262144"
Player connection [16152] Host "[IP] 192.168.1.31 [Port] 0 [Flags] 2 [Guid] 1601612036 [EditorId] 1601612036 [Version] 1048832 [Id] WindowsEditor(7,DESKTOP-4SUNC2I) [Debug] 1 [PackageName] WindowsEditor [ProjectName] Editor" joined multi-casting on [225.0.0.222:54997]...

Player connection [16152] Host "[IP] 192.168.1.31 [Port] 0 [Flags] 2 [Guid] 1601612036 [EditorId] 1601612036 [Version] 1048832 [Id] WindowsEditor(7,DESKTOP-4SUNC2I) [Debug] 1 [PackageName] WindowsEditor [ProjectName] Editor" joined alternative multi-casting on [225.0.0.222:34997]...

[Physics::Module] Initialized MultithreadedJobDispatcher with 15 workers.
Refreshing native plugins compatible for Editor in 7.53 ms, found 3 plugins.
Preloading 0 native plugins for Editor in 0.00 ms.
Initialize engine version: 2022.3.21f1 (bf09ca542b87)
[Subsystems] Discovering subsystems at path C:/Program Files/Unity/Hub/Editor/2022.3.21f1/Editor/Data/Resources/UnitySubsystems
[Subsystems] Discovering subsystems at path C:/Users/Juan/Desktop/RPGame/RPGame/Assets
GfxDevice: creating device client; threaded=0; jobified=0
Direct3D:
    Version:  Direct3D 11.0 [level 11.1]
    Renderer: NVIDIA GeForce RTX 3050 Laptop GPU (ID=0x25a2)
    Vendor:   NVIDIA
    VRAM:     3977 MB
    Driver:   31.0.15.3770
Initialize mono
Mono path[0] = 'C:/Program Files/Unity/Hub/Editor/2022.3.21f1/Editor/Data/Managed'
Mono path[1] = 'C:/Program Files/Unity/Hub/Editor/2022.3.21f1/Editor/Data/MonoBleedingEdge/lib/mono/unityjit-win32'
Mono config path = 'C:/Program Files/Unity/Hub/Editor/2022.3.21f1/Editor/Data/MonoBleedingEdge/etc'
Using monoOptions --debugger-agent=transport=dt_socket,embedding=1,server=y,suspend=n,address=127.0.0.1:56732
Begin MonoManager ReloadAssembly
Registering precompiled unity dll's ...
Register platform support module: C:/Program Files/Unity/Hub/Editor/2022.3.21f1/Editor/Data/PlaybackEngines/WebGLSupport/UnityEditor.WebGL.Extensions.dll
Register platform support module: C:/Program Files/Unity/Hub/Editor/2022.3.21f1/Editor/Data/PlaybackEngines/WindowsStandaloneSupport/UnityEditor.WindowsStandalone.Extensions.dll
Registered in 0.006253 seconds.
- Loaded All Assemblies, in  0.279 seconds
Native extension for WindowsStandalone target not found
Native extension for WebGL target not found
Mono: successfully reloaded assembly
- Finished resetting the current domain, in  0.213 seconds
Domain Reload Profiling: 491ms
	BeginReloadAssembly (85ms)
		ExecutionOrderSort (0ms)
		DisableScriptedObjects (0ms)
		BackupInstance (0ms)
		ReleaseScriptingObjects (0ms)
		CreateAndSetChildDomain (1ms)
	RebuildCommonClasses (26ms)
	RebuildNativeTypeToScriptingClass (8ms)
	initialDomainReloadingComplete (46ms)
	LoadAllAssembliesAndSetupDomain (112ms)
		LoadAssemblies (84ms)
		RebuildTransferFunctionScriptingTraits (0ms)
		AnalyzeDomain (111ms)
			TypeCache.Refresh (109ms)
				TypeCache.ScanAssembly (99ms)
			ScanForSourceGeneratedMonoScriptInfo (1ms)
			ResolveRequiredComponents (0ms)
	FinalizeReload (214ms)
		ReleaseScriptCaches (0ms)
		RebuildScriptCaches (0ms)
		SetupLoadedEditorAssemblies (167ms)
			LogAssemblyErrors (0ms)
			InitializePlatformSupportModulesInManaged (9ms)
			SetLoadedEditorAssemblies (5ms)
			RefreshPlugins (0ms)
			BeforeProcessingInitializeOnLoad (2ms)
			ProcessInitializeOnLoadAttributes (115ms)
			ProcessInitializeOnLoadMethodAttributes (36ms)
			AfterProcessingInitializeOnLoad (0ms)
			EditorAssembliesLoaded (0ms)
		ExecutionOrderSort2 (0ms)
		AwakeInstancesAfterBackupRestoration (0ms)
========================================================================
Worker process is ready to serve import requests
Begin MonoManager ReloadAssembly
- Loaded All Assemblies, in  0.496 seconds
Refreshing native plugins compatible for Editor in 2.26 ms, found 3 plugins.
Native extension for WindowsStandalone target not found
Native extension for WebGL target not found
Package Manager log level set to [2]
[Package Manager] Server::EnsureServerProcessIsRunning -- launch failed, reason: Unity was launched with the -noUpm command-line argument
[Package Manager] UpmClient::Send -- Unable to send message (not connected to UPM process).
[Package Manager] Cannot connect to Unity Package Manager local server
Mono: successfully reloaded assembly
- Finished resetting the current domain, in  0.461 seconds
Domain Reload Profiling: 956ms
	BeginReloadAssembly (122ms)
		ExecutionOrderSort (0ms)
		DisableScriptedObjects (4ms)
		BackupInstance (0ms)
		ReleaseScriptingObjects (0ms)
		CreateAndSetChildDomain (21ms)
	RebuildCommonClasses (23ms)
	RebuildNativeTypeToScriptingClass (7ms)
	initialDomainReloadingComplete (32ms)
	LoadAllAssembliesAndSetupDomain (309ms)
		LoadAssemblies (246ms)
		RebuildTransferFunctionScriptingTraits (0ms)
		AnalyzeDomain (135ms)
			TypeCache.Refresh (119ms)
				TypeCache.ScanAssembly (104ms)
			ScanForSourceGeneratedMonoScriptInfo (12ms)
			ResolveRequiredComponents (4ms)
	FinalizeReload (461ms)
		ReleaseScriptCaches (0ms)
		RebuildScriptCaches (0ms)
		SetupLoadedEditorAssemblies (350ms)
			LogAssemblyErrors (0ms)
			InitializePlatformSupportModulesInManaged (5ms)
			SetLoadedEditorAssemblies (2ms)
			RefreshPlugins (0ms)
			BeforeProcessingInitializeOnLoad (46ms)
			ProcessInitializeOnLoadAttributes (277ms)
			ProcessInitializeOnLoadMethodAttributes (15ms)
			AfterProcessingInitializeOnLoad (4ms)
			EditorAssembliesLoaded (0ms)
		ExecutionOrderSort2 (0ms)
		AwakeInstancesAfterBackupRestoration (5ms)
Launched and connected shader compiler UnityShaderCompiler.exe after 0.06 seconds
Refreshing native plugins compatible for Editor in 2.80 ms, found 3 plugins.
Preloading 0 native plugins for Editor in 0.00 ms.
Unloading 3288 Unused Serialized files (Serialized files now loaded: 0)
Unloading 45 unused Assets / (130.5 KB). Loaded Objects now: 3749.
Memory consumption went from 131.1 MB to 131.0 MB.
Total: 3.599500 ms (FindLiveObjects: 0.224500 ms CreateObjectMapping: 0.225300 ms MarkObjects: 3.027200 ms  DeleteObjects: 0.121600 ms)

AssetImportParameters requested are different than current active one (requested -> active):
  custom:container-demuxer-ogg: 62fdf1f143b41e24485cea50d1cbac27 -> 
  custom:video-codec-MediaFoundation-h265: 746d11721c4dcdbdad8f713fa42b33f4 -> 
  custom:video-decoder-ogg-theora: a1e56fd34408186e4bbccfd4996cb3dc -> 
  custom:framework-win-MediaFoundation: 216162199b28c13a410421893ffa2e32 -> 
  custom:CustomObjectIndexerAttribute: 9a22284fe3817be447336de3de66b15e -> 
  custom:container-demuxer-webm: 4f35f7cbe854078d1ac9338744f61a02 -> 
  custom:container-muxer-webm: aa71ff27fc2769a1b78a27578f13a17b -> 
  custom:video-decoder-webm-vp8: 9c59270c3fd7afecdb556c50c9e8de78 -> 
  custom:SearchIndexIgnoredProperties: e643bd26f0fe6173181afceb89e7c659 -> 
  custom:AudioImporter_EditorPlatform: d09bf68614088b80899f8185d706f6e7 -> 
  custom:video-encoder-webm-vp8: eb34c28f22e8b96e1ab97ce403110664 -> 
  custom:audio-decoder-ogg-vorbis: bf7c407c2cedff20999df2af8eb42d56 -> 
  custom:audio-encoder-webm-vorbis: bf7c407c2cedff20999df2af8eb42d56 -> 
========================================================================
Received Import Request.
  Time since last request: 7085.854000 seconds.
  path: Assets/Player ExplosiveLLC/RPG Character Animations/Animations/Armed/RPG-Character@Armed-Activate-Right.FBX
  artifactKey: Guid(7bfc7bfe5cdf9df40b3be8693f964c1f) Importer(815301076,1909f56bfc062723c751e8b465ee728b)
Start importing Assets/Player ExplosiveLLC/RPG Character Animations/Animations/Armed/RPG-Character@Armed-Activate-Right.FBX using Guid(7bfc7bfe5cdf9df40b3be8693f964c1f) Importer(815301076,1909f56bfc062723c751e8b465ee728b)  -> (artifact id: '003b2535ab05023b27e15df71cacdb2f') in 0.042003 seconds
Number of updated asset objects reloaded before import = 0
Number of asset objects unloaded after import = 113
========================================================================
Received Import Request.
  Time since last request: 0.000014 seconds.
  path: Assets/Player ExplosiveLLC/RPG Character Animations/Animations/Armed/RPG-Character@Armed-Block-Dual-GetHit2.FBX
  artifactKey: Guid(7f1ecf0298a472f469803d737e0a2c88) Importer(815301076,1909f56bfc062723c751e8b465ee728b)
Start importing Assets/Player ExplosiveLLC/RPG Character Animations/Animations/Armed/RPG-Character@Armed-Block-Dual-GetHit2.FBX using Guid(7f1ecf0298a472f469803d737e0a2c88) Importer(815301076,1909f56bfc062723c751e8b465ee728b)  -> (artifact id: 'c52fef9eaa313d1b5e9bae0ba6b89814') in 0.002906 seconds
Number of updated asset objects reloaded before import = 0
Number of asset objects unloaded after import = 113
========================================================================
Received Import Request.
  Time since last request: 0.000019 seconds.
  path: Assets/Player ExplosiveLLC/RPG Character Animations/Animations/Armed/RPG-Character@Armed-Block-L-GetHit2.FBX
  artifactKey: Guid(42cabe56c76f5db42a0e723f9f29a14e) Importer(815301076,1909f56bfc062723c751e8b465ee728b)
Start importing Assets/Player ExplosiveLLC/RPG Character Animations/Animations/Armed/RPG-Character@Armed-Block-L-GetHit2.FBX using Guid(42cabe56c76f5db42a0e723f9f29a14e) Importer(815301076,1909f56bfc062723c751e8b465ee728b)  -> (artifact id: 'cf9771127e6f92d9b0a6fbbcff6888f8') in 0.004102 seconds
Number of updated asset objects reloaded before import = 0
Number of asset objects unloaded after import = 113
========================================================================
Received Import Request.
  Time since last request: 4.335513 seconds.
  path: Assets/Player ExplosiveLLC/RPG Character Animations/Animations/Armed-Shield/RPG-Character@Shield-Attack1.fbx
  artifactKey: Guid(43dff4fddbcdd23488e7db0e18ab0943) Importer(815301076,1909f56bfc062723c751e8b465ee728b)
Start importing Assets/Player ExplosiveLLC/RPG Character Animations/Animations/Armed-Shield/RPG-Character@Shield-Attack1.fbx using Guid(43dff4fddbcdd23488e7db0e18ab0943) Importer(815301076,1909f56bfc062723c751e8b465ee728b)  -> (artifact id: '875728df86ce66e36b443d3aff2d8c37') in 0.006891 seconds
Number of updated asset objects reloaded before import = 0
Number of asset objects unloaded after import = 113
========================================================================
Received Import Request.
  Time since last request: 0.000016 seconds.
  path: Assets/Player ExplosiveLLC/RPG Character Animations/Animations/Armed-Shield/RPG-Character@Shield-Run-Forward.fbx
  artifactKey: Guid(fdecf33786dedc840986e0f03698b81b) Importer(815301076,1909f56bfc062723c751e8b465ee728b)
Start importing Assets/Player ExplosiveLLC/RPG Character Animations/Animations/Armed-Shield/RPG-Character@Shield-Run-Forward.fbx using Guid(fdecf33786dedc840986e0f03698b81b) Importer(815301076,1909f56bfc062723c751e8b465ee728b)  -> (artifact id: 'beb9e0d695543800e8b525cd4c04ab1c') in 0.008228 seconds
Number of updated asset objects reloaded before import = 0
Number of asset objects unloaded after import = 113
========================================================================
Received Import Request.
  Time since last request: 0.000046 seconds.
  path: Assets/Player ExplosiveLLC/RPG Character Animations/Animations/Armed-Shield/RPG-Character@Shield-Block-GetHit2.FBX
  artifactKey: Guid(38d60c127b117f8429e26d2dcd3da5df) Importer(815301076,1909f56bfc062723c751e8b465ee728b)
Start importing Assets/Player ExplosiveLLC/RPG Character Animations/Animations/Armed-Shield/RPG-Character@Shield-Block-GetHit2.FBX using Guid(38d60c127b117f8429e26d2dcd3da5df) Importer(815301076,1909f56bfc062723c751e8b465ee728b)  -> (artifact id: '92f2db63afce0caf801c9fba1e2780d2') in 0.008361 seconds
Number of updated asset objects reloaded before import = 0
Number of asset objects unloaded after import = 113
========================================================================
Received Import Request.
  Time since last request: 0.000246 seconds.
  path: Assets/Player ExplosiveLLC/RPG Character Animations/Animations/Armed-Shield/RPG-Character@Shield-Block-GetHit1.FBX
  artifactKey: Guid(a93019ed88a61e143a1c9843810bdfd7) Importer(815301076,1909f56bfc062723c751e8b465ee728b)
Start importing Assets/Player ExplosiveLLC/RPG Character Animations/Animations/Armed-Shield/RPG-Character@Shield-Block-GetHit1.FBX using Guid(a93019ed88a61e143a1c9843810bdfd7) Importer(815301076,1909f56bfc062723c751e8b465ee728b)  -> (artifact id: 'da2658b035f3bcac03f3d28da517dfc9') in 0.005670 seconds
Number of updated asset objects reloaded before import = 0
Number of asset objects unloaded after import = 113
========================================================================
Received Import Request.
  Time since last request: 0.000023 seconds.
  path: Assets/Player ExplosiveLLC/RPG Character Animations/Animations/Armed-Shield/RPG-Character@Shield-Knockback-Back1.FBX
  artifactKey: Guid(f9f029a4e391420448b4c6dba81abfd4) Importer(815301076,1909f56bfc062723c751e8b465ee728b)
Start importing Assets/Player ExplosiveLLC/RPG Character Animations/Animations/Armed-Shield/RPG-Character@Shield-Knockback-Back1.FBX using Guid(f9f029a4e391420448b4c6dba81abfd4) Importer(815301076,1909f56bfc062723c751e8b465ee728b)  -> (artifact id: 'f626e9a88764a4c3127b587114263f73') in 0.005025 seconds
Number of updated asset objects reloaded before import = 0
Number of asset objects unloaded after import = 113
========================================================================
Received Import Request.
  Time since last request: 0.000015 seconds.
  path: Assets/Player ExplosiveLLC/RPG Character Animations/Animations/Armed-Shield/RPG-Character@Shield-Idle.fbx
  artifactKey: Guid(a138de946036a6b4c836050bc5413468) Importer(815301076,1909f56bfc062723c751e8b465ee728b)
Start importing Assets/Player ExplosiveLLC/RPG Character Animations/Animations/Armed-Shield/RPG-Character@Shield-Idle.fbx using Guid(a138de946036a6b4c836050bc5413468) Importer(815301076,1909f56bfc062723c751e8b465ee728b)  -> (artifact id: 'f5c9fdf05cdb1c43b3f1c918efb66a34') in 0.003436 seconds
Number of updated asset objects reloaded before import = 0
Number of asset objects unloaded after import = 113
========================================================================
Received Import Request.
  Time since last request: 1.882322 seconds.
  path: Assets/Player ExplosiveLLC/RPG Character Animations/Animations/Relax/RPG-Character@Relax-Bow1.FBX
  artifactKey: Guid(82de83258b1973b44bf35b7c10e1b559) Importer(815301076,1909f56bfc062723c751e8b465ee728b)
Start importing Assets/Player ExplosiveLLC/RPG Character Animations/Animations/Relax/RPG-Character@Relax-Bow1.FBX using Guid(82de83258b1973b44bf35b7c10e1b559) Importer(815301076,1909f56bfc062723c751e8b465ee728b)  -> (artifact id: '3653ecdff52e5fca54e6e9dc6a8dc64e') in 0.007143 seconds
Number of updated asset objects reloaded before import = 0
Number of asset objects unloaded after import = 113
========================================================================
Received Import Request.
  Time since last request: 0.000017 seconds.
  path: Assets/Player ExplosiveLLC/RPG Character Animations/Animations/Relax/RPG-Character@Relax-Fall.FBX
  artifactKey: Guid(55f59e099a05356409e66a69f1782d89) Importer(815301076,1909f56bfc062723c751e8b465ee728b)
Start importing Assets/Player ExplosiveLLC/RPG Character Animations/Animations/Relax/RPG-Character@Relax-Fall.FBX using Guid(55f59e099a05356409e66a69f1782d89) Importer(815301076,1909f56bfc062723c751e8b465ee728b)  -> (artifact id: '22b1e2e3f4e5faf64881fa0e21b74fca') in 0.005711 seconds
Number of updated asset objects reloaded before import = 0
Number of asset objects unloaded after import = 113
========================================================================
Received Import Request.
  Time since last request: 0.000013 seconds.
  path: Assets/Player ExplosiveLLC/RPG Character Animations/Animations/Relax/RPG-Character@Relax-Jump.FBX
  artifactKey: Guid(5685b050c006d83448ea37d6ddfb65a7) Importer(815301076,1909f56bfc062723c751e8b465ee728b)
Start importing Assets/Player ExplosiveLLC/RPG Character Animations/Animations/Relax/RPG-Character@Relax-Jump.FBX using Guid(5685b050c006d83448ea37d6ddfb65a7) Importer(815301076,1909f56bfc062723c751e8b465ee728b)  -> (artifact id: '8697f9ec3b75f529d138b70c39bf0d2a') in 0.006782 seconds
Number of updated asset objects reloaded before import = 0
Number of asset objects unloaded after import = 114
========================================================================
Received Import Request.
  Time since last request: 0.000021 seconds.
  path: Assets/Player ExplosiveLLC/RPG Character Animations/Animations/Relax/RPG-Character@Relax-Idle-Drunk-Female1.FBX
  artifactKey: Guid(6d6049a579447ac4eabc8b31812eb27a) Importer(815301076,1909f56bfc062723c751e8b465ee728b)
Start importing Assets/Player ExplosiveLLC/RPG Character Animations/Animations/Relax/RPG-Character@Relax-Idle-Drunk-Female1.FBX using Guid(6d6049a579447ac4eabc8b31812eb27a) Importer(815301076,1909f56bfc062723c751e8b465ee728b)  -> (artifact id: '4f272463c854ef8b909422e21c3512a4') in 0.012369 seconds
Number of updated asset objects reloaded before import = 0
Number of asset objects unloaded after import = 113
========================================================================
Received Import Request.
  Time since last request: 0.000030 seconds.
  path: Assets/Player ExplosiveLLC/RPG Character Animations/Animations/Relax/RPG-Character@Relax-Run-Backward-Left.FBX
  artifactKey: Guid(d0b438c1bbe8d694fa4c4c65aa9d2341) Importer(815301076,1909f56bfc062723c751e8b465ee728b)
Start importing Assets/Player ExplosiveLLC/RPG Character Animations/Animations/Relax/RPG-Character@Relax-Run-Backward-Left.FBX using Guid(d0b438c1bbe8d694fa4c4c65aa9d2341) Importer(815301076,1909f56bfc062723c751e8b465ee728b)  -> (artifact id: '1792181bf3b745bec1b65c770fecc870') in 0.003407 seconds
Number of updated asset objects reloaded before import = 0
Number of asset objects unloaded after import = 113
========================================================================
Received Import Request.
  Time since last request: 0.766078 seconds.
  path: Assets/Player ExplosiveLLC/RPG Character Animations/Animations/Unarmed/RPG-Character@Unarmed-Air-Attack1.FBX
  artifactKey: Guid(8f5f4b8a062f43f46a64a552e65134a3) Importer(815301076,1909f56bfc062723c751e8b465ee728b)
Start importing Assets/Player ExplosiveLLC/RPG Character Animations/Animations/Unarmed/RPG-Character@Unarmed-Air-Attack1.FBX using Guid(8f5f4b8a062f43f46a64a552e65134a3) Importer(815301076,1909f56bfc062723c751e8b465ee728b)  -> (artifact id: '124b724a0010844a4e515ea78ba2a3d1') in 0.005537 seconds
Number of updated asset objects reloaded before import = 0
Number of asset objects unloaded after import = 113
========================================================================
Received Import Request.
  Time since last request: 0.000304 seconds.
  path: Assets/Player ExplosiveLLC/RPG Character Animations/Animations/Unarmed/RPG-Character@Unarmed-Attack-L1.FBX
  artifactKey: Guid(95dc4fbaa01379f4f908847fb44054d4) Importer(815301076,1909f56bfc062723c751e8b465ee728b)
Start importing Assets/Player ExplosiveLLC/RPG Character Animations/Animations/Unarmed/RPG-Character@Unarmed-Attack-L1.FBX using Guid(95dc4fbaa01379f4f908847fb44054d4) Importer(815301076,1909f56bfc062723c751e8b465ee728b)  -> (artifact id: '8478fb4b486abda3981aa0b9354b18ff') in 0.005057 seconds
Number of updated asset objects reloaded before import = 0
Number of asset objects unloaded after import = 113
========================================================================
Received Import Request.
  Time since last request: 0.000018 seconds.
  path: Assets/Player ExplosiveLLC/RPG Character Animations/Animations/Unarmed/RPG-Character@Unarmed-Cast-Dual-AOE1.FBX
  artifactKey: Guid(eac9b4a94f1a48c4aa4696c83e127253) Importer(815301076,1909f56bfc062723c751e8b465ee728b)
Start importing Assets/Player ExplosiveLLC/RPG Character Animations/Animations/Unarmed/RPG-Character@Unarmed-Cast-Dual-AOE1.FBX using Guid(eac9b4a94f1a48c4aa4696c83e127253) Importer(815301076,1909f56bfc062723c751e8b465ee728b)  -> (artifact id: '29a9a020dc66d2c39f41ca45929d4bfd') in 0.007599 seconds
Number of updated asset objects reloaded before import = 0
Number of asset objects unloaded after import = 115
========================================================================
Received Import Request.
  Time since last request: 0.000015 seconds.
  path: Assets/Player ExplosiveLLC/RPG Character Animations/Animations/Unarmed/RPG-Character@Unarmed-Attack-L2.FBX
  artifactKey: Guid(69f3b1b43eb337548a8633b7b82d6fc6) Importer(815301076,1909f56bfc062723c751e8b465ee728b)
Start importing Assets/Player ExplosiveLLC/RPG Character Animations/Animations/Unarmed/RPG-Character@Unarmed-Attack-L2.FBX using Guid(69f3b1b43eb337548a8633b7b82d6fc6) Importer(815301076,1909f56bfc062723c751e8b465ee728b)  -> (artifact id: '6eb93b47d0019d1579aa54a8015d5e08') in 0.004279 seconds
Number of updated asset objects reloaded before import = 0
Number of asset objects unloaded after import = 113
========================================================================
Received Import Request.
  Time since last request: 0.000017 seconds.
  path: Assets/Player ExplosiveLLC/RPG Character Animations/Animations/Unarmed/RPG-Character@Unarmed-Attack-R2.FBX
  artifactKey: Guid(8b4aea68a09b24149ab89408f7199bb1) Importer(815301076,1909f56bfc062723c751e8b465ee728b)
Start importing Assets/Player ExplosiveLLC/RPG Character Animations/Animations/Unarmed/RPG-Character@Unarmed-Attack-R2.FBX using Guid(8b4aea68a09b24149ab89408f7199bb1) Importer(815301076,1909f56bfc062723c751e8b465ee728b)  -> (artifact id: 'b951a3513bf545fe77aeb40bb41c1465') in 0.004413 seconds
Number of updated asset objects reloaded before import = 0
Number of asset objects unloaded after import = 113
Editor requested this worker to shutdown with reason: Scaling down because of idle timeout
TcpMessagingSession - receive error: operation aborted. errorcode: 995, details: La operación de E/S se anuló por una salida de subproceso o por una solicitud de aplicación.
AssetImportWorker is now disconnected from the server
Process exiting
Exiting without the bug reporter. Application will terminate with return code 0