Using pre-set license
Built from '2022.3/staging' branch; Version is '2022.3.21f1 (bf09ca542b87) revision 12519882'; Using compiler version '192829333'; Build Type 'Release'
OS: 'Windows 11  (10.0.22631) 64bit Professional' Language: 'es' Physical Memory: 16109 MB
BatchMode: 1, IsHumanControllingUs: 0, StartBugReporterOnCrash: 0, Is64bit: 1, IsPro: 1

COMMAND LINE ARGUMENTS:
C:\Program Files\Unity\Hub\Editor\2022.3.21f1\Editor\Unity.exe
-adb2
-batchMode
-noUpm
-name
AssetImportWorker0
-projectPath
C:/Users/Juan/Desktop/RPGame/RPGame
-logFile
Logs/AssetImportWorker0.log
-srvPort
52869
Successfully changed project path to: C:/Users/Juan/Desktop/RPGame/RPGame
C:/Users/Juan/Desktop/RPGame/RPGame
[UnityMemory] Configuration Parameters - Can be set up in boot.config
    "memorysetup-bucket-allocator-granularity=16"
    "memorysetup-bucket-allocator-bucket-count=8"
    "memorysetup-bucket-allocator-block-size=33554432"
    "memorysetup-bucket-allocator-block-count=8"
    "memorysetup-main-allocator-block-size=16777216"
    "memorysetup-thread-allocator-block-size=16777216"
    "memorysetup-gfx-main-allocator-block-size=16777216"
    "memorysetup-gfx-thread-allocator-block-size=16777216"
    "memorysetup-cache-allocator-block-size=4194304"
    "memorysetup-typetree-allocator-block-size=2097152"
    "memorysetup-profiler-bucket-allocator-granularity=16"
    "memorysetup-profiler-bucket-allocator-bucket-count=8"
    "memorysetup-profiler-bucket-allocator-block-size=33554432"
    "memorysetup-profiler-bucket-allocator-block-count=8"
    "memorysetup-profiler-allocator-block-size=16777216"
    "memorysetup-profiler-editor-allocator-block-size=1048576"
    "memorysetup-temp-allocator-size-main=16777216"
    "memorysetup-job-temp-allocator-block-size=2097152"
    "memorysetup-job-temp-allocator-block-size-background=1048576"
    "memorysetup-job-temp-allocator-reduction-small-platforms=262144"
    "memorysetup-allocator-temp-initial-block-size-main=262144"
    "memorysetup-allocator-temp-initial-block-size-worker=262144"
    "memorysetup-temp-allocator-size-background-worker=32768"
    "memorysetup-temp-allocator-size-job-worker=262144"
    "memorysetup-temp-allocator-size-preload-manager=33554432"
    "memorysetup-temp-allocator-size-nav-mesh-worker=65536"
    "memorysetup-temp-allocator-size-audio-worker=65536"
    "memorysetup-temp-allocator-size-cloud-worker=32768"
    "memorysetup-temp-allocator-size-gi-baking-worker=262144"
    "memorysetup-temp-allocator-size-gfx=262144"
Player connection [13332] Host "[IP] 192.168.1.31 [Port] 0 [Flags] 2 [Guid] 3577787524 [EditorId] 3577787524 [Version] 1048832 [Id] WindowsEditor(7,DESKTOP-4SUNC2I) [Debug] 1 [PackageName] WindowsEditor [ProjectName] Editor" joined multi-casting on [225.0.0.222:54997]...

Player connection [13332] Host "[IP] 192.168.1.31 [Port] 0 [Flags] 2 [Guid] 3577787524 [EditorId] 3577787524 [Version] 1048832 [Id] WindowsEditor(7,DESKTOP-4SUNC2I) [Debug] 1 [PackageName] WindowsEditor [ProjectName] Editor" joined alternative multi-casting on [225.0.0.222:34997]...

[Physics::Module] Initialized MultithreadedJobDispatcher with 15 workers.
Refreshing native plugins compatible for Editor in 7.92 ms, found 3 plugins.
Preloading 0 native plugins for Editor in 0.00 ms.
Initialize engine version: 2022.3.21f1 (bf09ca542b87)
[Subsystems] Discovering subsystems at path C:/Program Files/Unity/Hub/Editor/2022.3.21f1/Editor/Data/Resources/UnitySubsystems
[Subsystems] Discovering subsystems at path C:/Users/Juan/Desktop/RPGame/RPGame/Assets
GfxDevice: creating device client; threaded=0; jobified=0
Direct3D:
    Version:  Direct3D 11.0 [level 11.1]
    Renderer: NVIDIA GeForce RTX 3050 Laptop GPU (ID=0x25a2)
    Vendor:   NVIDIA
    VRAM:     3977 MB
    Driver:   31.0.15.3770
Initialize mono
Mono path[0] = 'C:/Program Files/Unity/Hub/Editor/2022.3.21f1/Editor/Data/Managed'
Mono path[1] = 'C:/Program Files/Unity/Hub/Editor/2022.3.21f1/Editor/Data/MonoBleedingEdge/lib/mono/unityjit-win32'
Mono config path = 'C:/Program Files/Unity/Hub/Editor/2022.3.21f1/Editor/Data/MonoBleedingEdge/etc'
Using monoOptions --debugger-agent=transport=dt_socket,embedding=1,server=y,suspend=n,address=127.0.0.1:56800
Begin MonoManager ReloadAssembly
Registering precompiled unity dll's ...
Register platform support module: C:/Program Files/Unity/Hub/Editor/2022.3.21f1/Editor/Data/PlaybackEngines/WebGLSupport/UnityEditor.WebGL.Extensions.dll
Register platform support module: C:/Program Files/Unity/Hub/Editor/2022.3.21f1/Editor/Data/PlaybackEngines/WindowsStandaloneSupport/UnityEditor.WindowsStandalone.Extensions.dll
Registered in 0.006805 seconds.
- Loaded All Assemblies, in  0.285 seconds
Native extension for WindowsStandalone target not found
Native extension for WebGL target not found
Mono: successfully reloaded assembly
- Finished resetting the current domain, in  0.241 seconds
Domain Reload Profiling: 526ms
	BeginReloadAssembly (89ms)
		ExecutionOrderSort (0ms)
		DisableScriptedObjects (0ms)
		BackupInstance (0ms)
		ReleaseScriptingObjects (0ms)
		CreateAndSetChildDomain (1ms)
	RebuildCommonClasses (27ms)
	RebuildNativeTypeToScriptingClass (8ms)
	initialDomainReloadingComplete (48ms)
	LoadAllAssembliesAndSetupDomain (113ms)
		LoadAssemblies (87ms)
		RebuildTransferFunctionScriptingTraits (0ms)
		AnalyzeDomain (111ms)
			TypeCache.Refresh (110ms)
				TypeCache.ScanAssembly (99ms)
			ScanForSourceGeneratedMonoScriptInfo (0ms)
			ResolveRequiredComponents (0ms)
	FinalizeReload (242ms)
		ReleaseScriptCaches (0ms)
		RebuildScriptCaches (0ms)
		SetupLoadedEditorAssemblies (193ms)
			LogAssemblyErrors (0ms)
			InitializePlatformSupportModulesInManaged (9ms)
			SetLoadedEditorAssemblies (5ms)
			RefreshPlugins (0ms)
			BeforeProcessingInitializeOnLoad (2ms)
			ProcessInitializeOnLoadAttributes (134ms)
			ProcessInitializeOnLoadMethodAttributes (43ms)
			AfterProcessingInitializeOnLoad (0ms)
			EditorAssembliesLoaded (0ms)
		ExecutionOrderSort2 (0ms)
		AwakeInstancesAfterBackupRestoration (0ms)
========================================================================
Worker process is ready to serve import requests
Begin MonoManager ReloadAssembly
- Loaded All Assemblies, in  0.483 seconds
Refreshing native plugins compatible for Editor in 2.00 ms, found 3 plugins.
Native extension for WindowsStandalone target not found
Native extension for WebGL target not found
Package Manager log level set to [2]
[Package Manager] Server::EnsureServerProcessIsRunning -- launch failed, reason: Unity was launched with the -noUpm command-line argument
[Package Manager] UpmClient::Send -- Unable to send message (not connected to UPM process).
[Package Manager] Cannot connect to Unity Package Manager local server
Mono: successfully reloaded assembly
- Finished resetting the current domain, in  0.422 seconds
Domain Reload Profiling: 903ms
	BeginReloadAssembly (112ms)
		ExecutionOrderSort (0ms)
		DisableScriptedObjects (3ms)
		BackupInstance (0ms)
		ReleaseScriptingObjects (0ms)
		CreateAndSetChildDomain (17ms)
	RebuildCommonClasses (25ms)
	RebuildNativeTypeToScriptingClass (7ms)
	initialDomainReloadingComplete (31ms)
	LoadAllAssembliesAndSetupDomain (305ms)
		LoadAssemblies (235ms)
		RebuildTransferFunctionScriptingTraits (0ms)
		AnalyzeDomain (134ms)
			TypeCache.Refresh (118ms)
				TypeCache.ScanAssembly (106ms)
			ScanForSourceGeneratedMonoScriptInfo (11ms)
			ResolveRequiredComponents (4ms)
	FinalizeReload (422ms)
		ReleaseScriptCaches (0ms)
		RebuildScriptCaches (0ms)
		SetupLoadedEditorAssemblies (308ms)
			LogAssemblyErrors (0ms)
			InitializePlatformSupportModulesInManaged (6ms)
			SetLoadedEditorAssemblies (2ms)
			RefreshPlugins (0ms)
			BeforeProcessingInitializeOnLoad (43ms)
			ProcessInitializeOnLoadAttributes (238ms)
			ProcessInitializeOnLoadMethodAttributes (14ms)
			AfterProcessingInitializeOnLoad (5ms)
			EditorAssembliesLoaded (0ms)
		ExecutionOrderSort2 (0ms)
		AwakeInstancesAfterBackupRestoration (4ms)
Launched and connected shader compiler UnityShaderCompiler.exe after 0.04 seconds
Refreshing native plugins compatible for Editor in 2.24 ms, found 3 plugins.
Preloading 0 native plugins for Editor in 0.00 ms.
Unloading 3288 Unused Serialized files (Serialized files now loaded: 0)
Unloading 45 unused Assets / (130.8 KB). Loaded Objects now: 3748.
Memory consumption went from 130.8 MB to 130.7 MB.
Total: 2.513700 ms (FindLiveObjects: 0.187400 ms CreateObjectMapping: 0.069800 ms MarkObjects: 2.114600 ms  DeleteObjects: 0.140700 ms)

AssetImportParameters requested are different than current active one (requested -> active):
  custom:container-demuxer-ogg: 62fdf1f143b41e24485cea50d1cbac27 -> 
  custom:video-codec-MediaFoundation-h265: 746d11721c4dcdbdad8f713fa42b33f4 -> 
  custom:video-decoder-ogg-theora: a1e56fd34408186e4bbccfd4996cb3dc -> 
  custom:framework-win-MediaFoundation: 216162199b28c13a410421893ffa2e32 -> 
  custom:CustomObjectIndexerAttribute: 9a22284fe3817be447336de3de66b15e -> 
  custom:container-demuxer-webm: 4f35f7cbe854078d1ac9338744f61a02 -> 
  custom:container-muxer-webm: aa71ff27fc2769a1b78a27578f13a17b -> 
  custom:video-decoder-webm-vp8: 9c59270c3fd7afecdb556c50c9e8de78 -> 
  custom:SearchIndexIgnoredProperties: e643bd26f0fe6173181afceb89e7c659 -> 
  custom:AudioImporter_EditorPlatform: d09bf68614088b80899f8185d706f6e7 -> 
  custom:video-encoder-webm-vp8: eb34c28f22e8b96e1ab97ce403110664 -> 
  custom:audio-decoder-ogg-vorbis: bf7c407c2cedff20999df2af8eb42d56 -> 
  custom:audio-encoder-webm-vorbis: bf7c407c2cedff20999df2af8eb42d56 -> 
========================================================================
Received Import Request.
  Time since last request: 6737.312066 seconds.
  path: Assets/Enemies/SkeletonOutlaw/SkeletonOutlawDemo.controller
  artifactKey: Guid(0ca7eafc6f555b741862212a56fd50e9) Importer(815301076,1909f56bfc062723c751e8b465ee728b)
Start importing Assets/Enemies/SkeletonOutlaw/SkeletonOutlawDemo.controller using Guid(0ca7eafc6f555b741862212a56fd50e9) Importer(815301076,1909f56bfc062723c751e8b465ee728b)  -> (artifact id: '2d1d785ce8b74441dec808ba2a8abd53') in 0.027845 seconds
Number of updated asset objects reloaded before import = 0
Number of asset objects unloaded after import = 41
========================================================================
Received Import Request.
  Time since last request: 7.237912 seconds.
  path: Assets/Enemies/SkeletonOutlaw/Animations/SkeletonOutlaw@Attack00.fbx
  artifactKey: Guid(2a2ff845dd4f08a4b9f16004cdac1005) Importer(815301076,1909f56bfc062723c751e8b465ee728b)
Start importing Assets/Enemies/SkeletonOutlaw/Animations/SkeletonOutlaw@Attack00.fbx using Guid(2a2ff845dd4f08a4b9f16004cdac1005) Importer(815301076,1909f56bfc062723c751e8b465ee728b)  -> (artifact id: 'f9a63caf439aa382e36616bb7ba39c33') in 0.030150 seconds
Number of updated asset objects reloaded before import = 0
Number of asset objects unloaded after import = 141
========================================================================
Received Import Request.
  Time since last request: 0.000017 seconds.
  path: Assets/Enemies/SkeletonOutlaw/Animations/SkeletonOutlaw@Damage00.fbx
  artifactKey: Guid(e263228e6d15f8e4c91604a4e0af284d) Importer(815301076,1909f56bfc062723c751e8b465ee728b)
Start importing Assets/Enemies/SkeletonOutlaw/Animations/SkeletonOutlaw@Damage00.fbx using Guid(e263228e6d15f8e4c91604a4e0af284d) Importer(815301076,1909f56bfc062723c751e8b465ee728b)  -> (artifact id: 'b8ec4ee0fd23a81f6d1b8b37c6268a56') in 0.004527 seconds
Number of updated asset objects reloaded before import = 0
Number of asset objects unloaded after import = 141
========================================================================
Received Import Request.
  Time since last request: 0.000021 seconds.
  path: Assets/Enemies/SkeletonOutlaw/Animations/SkeletonOutlaw@Idle00.fbx
  artifactKey: Guid(82e575599256ad74eb867a78e686a10f) Importer(815301076,1909f56bfc062723c751e8b465ee728b)
Start importing Assets/Enemies/SkeletonOutlaw/Animations/SkeletonOutlaw@Idle00.fbx using Guid(82e575599256ad74eb867a78e686a10f) Importer(815301076,1909f56bfc062723c751e8b465ee728b)  -> (artifact id: 'ae85c219d3d0aa070c59c7b93d174cae') in 0.003659 seconds
Number of updated asset objects reloaded before import = 0
Number of asset objects unloaded after import = 141
========================================================================
Received Import Request.
  Time since last request: 0.000011 seconds.
  path: Assets/Enemies/SkeletonOutlaw/Animations/SkeletonOutlaw@Attack02.fbx
  artifactKey: Guid(fc79cd7f43dd8cf48938a30b51b7bf89) Importer(815301076,1909f56bfc062723c751e8b465ee728b)
Start importing Assets/Enemies/SkeletonOutlaw/Animations/SkeletonOutlaw@Attack02.fbx using Guid(fc79cd7f43dd8cf48938a30b51b7bf89) Importer(815301076,1909f56bfc062723c751e8b465ee728b)  -> (artifact id: '0a586f6449057cf46e49510fdd07c00e') in 0.003104 seconds
Number of updated asset objects reloaded before import = 0
Number of asset objects unloaded after import = 141
========================================================================
Received Import Request.
  Time since last request: 0.000012 seconds.
  path: Assets/Enemies/SkeletonOutlaw/Animations/SkeletonOutlaw@Walk00.fbx
  artifactKey: Guid(1111c303e393ade49997c8e70bee7677) Importer(815301076,1909f56bfc062723c751e8b465ee728b)
Start importing Assets/Enemies/SkeletonOutlaw/Animations/SkeletonOutlaw@Walk00.fbx using Guid(1111c303e393ade49997c8e70bee7677) Importer(815301076,1909f56bfc062723c751e8b465ee728b)  -> (artifact id: '04a554e6ab52d77a3fa7a51e75de8dde') in 0.003800 seconds
Number of updated asset objects reloaded before import = 0
Number of asset objects unloaded after import = 141
========================================================================
Received Import Request.
  Time since last request: 0.000014 seconds.
  path: Assets/Enemies/SkeletonOutlaw/Animations/SkeletonOutlaw@Idle02.fbx
  artifactKey: Guid(e20cfa8f1ecdc554087db1e9198090a7) Importer(815301076,1909f56bfc062723c751e8b465ee728b)
Start importing Assets/Enemies/SkeletonOutlaw/Animations/SkeletonOutlaw@Idle02.fbx using Guid(e20cfa8f1ecdc554087db1e9198090a7) Importer(815301076,1909f56bfc062723c751e8b465ee728b)  -> (artifact id: '4891ea906cfa9197dd286ccb4cafca6d') in 0.004534 seconds
Number of updated asset objects reloaded before import = 0
Number of asset objects unloaded after import = 141
========================================================================
Received Import Request.
  Time since last request: 0.000020 seconds.
  path: Assets/Enemies/SkeletonOutlaw/Animations/SkeletonOutlaw@Damage01.fbx
  artifactKey: Guid(c1af99e72b0b5b042bd297ee3ff95372) Importer(815301076,1909f56bfc062723c751e8b465ee728b)
Start importing Assets/Enemies/SkeletonOutlaw/Animations/SkeletonOutlaw@Damage01.fbx using Guid(c1af99e72b0b5b042bd297ee3ff95372) Importer(815301076,1909f56bfc062723c751e8b465ee728b)  -> (artifact id: 'fb5d373df33c8bfecedd6ac2fb23e534') in 0.004755 seconds
Number of updated asset objects reloaded before import = 0
Number of asset objects unloaded after import = 141
========================================================================
Received Import Request.
  Time since last request: 0.000022 seconds.
  path: Assets/Enemies/SkeletonOutlaw/Animations/SkeletonOutlaw@Idle01.fbx
  artifactKey: Guid(6f532e8c9aa994741b00c8f23c9ee923) Importer(815301076,1909f56bfc062723c751e8b465ee728b)
Start importing Assets/Enemies/SkeletonOutlaw/Animations/SkeletonOutlaw@Idle01.fbx using Guid(6f532e8c9aa994741b00c8f23c9ee923) Importer(815301076,1909f56bfc062723c751e8b465ee728b)  -> (artifact id: '5c0c2ffcd8ce5347db0967e1fdb59732') in 0.004628 seconds
Number of updated asset objects reloaded before import = 0
Number of asset objects unloaded after import = 141
========================================================================
Received Import Request.
  Time since last request: 5.798079 seconds.
  path: Assets/Enemies/SkeletonOutlaw/Prefabs/SkeletonOutlaw_NoArmor - LOD0.prefab
  artifactKey: Guid(46ed63af97cc2db47b121fc1b2cc6bf0) Importer(815301076,1909f56bfc062723c751e8b465ee728b)
Start importing Assets/Enemies/SkeletonOutlaw/Prefabs/SkeletonOutlaw_NoArmor - LOD0.prefab using Guid(46ed63af97cc2db47b121fc1b2cc6bf0) Importer(815301076,1909f56bfc062723c751e8b465ee728b)  -> (artifact id: 'ee1f069ccb0f4e999ed947ffed834a1b') in 0.214235 seconds
Number of updated asset objects reloaded before import = 0
Number of asset objects unloaded after import = 164
========================================================================
Received Import Request.
  Time since last request: 84.273983 seconds.
  path: Assets/Props e Items/Bomb-Arrow-Potion/Prefabs/Bomb.prefab
  artifactKey: Guid(aa64b9ae639024c5097e12b27ac1d84c) Importer(815301076,1909f56bfc062723c751e8b465ee728b)
Start importing Assets/Props e Items/Bomb-Arrow-Potion/Prefabs/Bomb.prefab using Guid(aa64b9ae639024c5097e12b27ac1d84c) Importer(815301076,1909f56bfc062723c751e8b465ee728b)  -> (artifact id: '1f6da32d221bae7b7cdf55f0e061dce8') in 0.107002 seconds
Number of updated asset objects reloaded before import = 0
Number of asset objects unloaded after import = 9
========================================================================
Received Import Request.
  Time since last request: 2.093137 seconds.
  path: Assets/Props e Items/Bomb-Arrow-Potion/Textures/Weapons.tif
  artifactKey: Guid(2e9da1baa9a7a4e2f83f1bc63bf855ba) Importer(815301076,1909f56bfc062723c751e8b465ee728b)
Start importing Assets/Props e Items/Bomb-Arrow-Potion/Textures/Weapons.tif using Guid(2e9da1baa9a7a4e2f83f1bc63bf855ba) Importer(815301076,1909f56bfc062723c751e8b465ee728b)  -> (artifact id: 'f7e5d314e2902871b567bed3622bd819') in 0.031798 seconds
Number of updated asset objects reloaded before import = 0
Number of asset objects unloaded after import = 2
========================================================================
Received Import Request.
  Time since last request: 118.246551 seconds.
  path: Assets/Player ExplosiveLLC/RPG Character Animations/Animations/1Hand-Sword/RPG-Character@Sword-Attack-L2.FBX
  artifactKey: Guid(178c4e04ea221294a8b4befca0ba9aad) Importer(815301076,1909f56bfc062723c751e8b465ee728b)
Start importing Assets/Player ExplosiveLLC/RPG Character Animations/Animations/1Hand-Sword/RPG-Character@Sword-Attack-L2.FBX using Guid(178c4e04ea221294a8b4befca0ba9aad) Importer(815301076,1909f56bfc062723c751e8b465ee728b)  -> (artifact id: '8cc79fec42dbca72b1ba409f24c3cd6e') in 0.004692 seconds
Number of updated asset objects reloaded before import = 0
Number of asset objects unloaded after import = 113
========================================================================
Received Import Request.
  Time since last request: 0.004071 seconds.
  path: Assets/Player ExplosiveLLC/RPG Character Animations/Animations/1Hand-Sword/RPG-Character@Sword-Attack-L5.FBX
  artifactKey: Guid(e4b91d917c30b684da298509cd8822ac) Importer(815301076,1909f56bfc062723c751e8b465ee728b)
Start importing Assets/Player ExplosiveLLC/RPG Character Animations/Animations/1Hand-Sword/RPG-Character@Sword-Attack-L5.FBX using Guid(e4b91d917c30b684da298509cd8822ac) Importer(815301076,1909f56bfc062723c751e8b465ee728b)  -> (artifact id: '0d20b232c1b76f26df543ce1a7b27931') in 0.003661 seconds
Number of updated asset objects reloaded before import = 0
Number of asset objects unloaded after import = 113
========================================================================
Received Import Request.
  Time since last request: 0.005858 seconds.
  path: Assets/Player ExplosiveLLC/RPG Character Animations/Animations/1Hand-Sword/RPG-Character@Sword-Attack-R2.FBX
  artifactKey: Guid(4cc7a6346b1003244b110b3324155da7) Importer(815301076,1909f56bfc062723c751e8b465ee728b)
Start importing Assets/Player ExplosiveLLC/RPG Character Animations/Animations/1Hand-Sword/RPG-Character@Sword-Attack-R2.FBX using Guid(4cc7a6346b1003244b110b3324155da7) Importer(815301076,1909f56bfc062723c751e8b465ee728b)  -> (artifact id: '2f042b825620b783cf24e4dc56d9acba') in 0.004967 seconds
Number of updated asset objects reloaded before import = 0
Number of asset objects unloaded after import = 113
========================================================================
Received Import Request.
  Time since last request: 0.000068 seconds.
  path: Assets/Player ExplosiveLLC/RPG Character Animations/Animations/1Hand-Sword/RPG-Character@Sword-Attack-R6.FBX
  artifactKey: Guid(58f2909dff975b54c8395d479180996e) Importer(815301076,1909f56bfc062723c751e8b465ee728b)
Start importing Assets/Player ExplosiveLLC/RPG Character Animations/Animations/1Hand-Sword/RPG-Character@Sword-Attack-R6.FBX using Guid(58f2909dff975b54c8395d479180996e) Importer(815301076,1909f56bfc062723c751e8b465ee728b)  -> (artifact id: 'cbf4ad621eca5cc2caab75ce8988e3c3') in 0.005365 seconds
Number of updated asset objects reloaded before import = 0
Number of asset objects unloaded after import = 113
========================================================================
Received Import Request.
  Time since last request: 0.000015 seconds.
  path: Assets/Player ExplosiveLLC/RPG Character Animations/Animations/1Hand-Sword/RPG-Character@Sword-Attack-R3.FBX
  artifactKey: Guid(475796453e56ae447b098689c94bcfb5) Importer(815301076,1909f56bfc062723c751e8b465ee728b)
Start importing Assets/Player ExplosiveLLC/RPG Character Animations/Animations/1Hand-Sword/RPG-Character@Sword-Attack-R3.FBX using Guid(475796453e56ae447b098689c94bcfb5) Importer(815301076,1909f56bfc062723c751e8b465ee728b)  -> (artifact id: 'e035f81fddb1ba205073a890536d6b46') in 0.004860 seconds
Number of updated asset objects reloaded before import = 0
Number of asset objects unloaded after import = 113
========================================================================
Received Import Request.
  Time since last request: 0.000034 seconds.
  path: Assets/Player ExplosiveLLC/RPG Character Animations/Animations/1Hand-Sword/RPG-Character@Sword-Attack-R7.FBX
  artifactKey: Guid(65ab56ec63abae340b7646d2ed24c864) Importer(815301076,1909f56bfc062723c751e8b465ee728b)
Start importing Assets/Player ExplosiveLLC/RPG Character Animations/Animations/1Hand-Sword/RPG-Character@Sword-Attack-R7.FBX using Guid(65ab56ec63abae340b7646d2ed24c864) Importer(815301076,1909f56bfc062723c751e8b465ee728b)  -> (artifact id: 'b7bc832a7cd29d2c0abe5a0e1c87b316') in 0.004365 seconds
Number of updated asset objects reloaded before import = 0
Number of asset objects unloaded after import = 113
========================================================================
Received Import Request.
  Time since last request: 0.000108 seconds.
  path: Assets/Player ExplosiveLLC/RPG Character Animations/Animations/1Hand-Sword/RPG-Character@Sword-Attack-L4.FBX
  artifactKey: Guid(a4f7fde0b86a9bd419535ee2de9c4d96) Importer(815301076,1909f56bfc062723c751e8b465ee728b)
Start importing Assets/Player ExplosiveLLC/RPG Character Animations/Animations/1Hand-Sword/RPG-Character@Sword-Attack-L4.FBX using Guid(a4f7fde0b86a9bd419535ee2de9c4d96) Importer(815301076,1909f56bfc062723c751e8b465ee728b)  -> (artifact id: '5785ebccab2415b73e95f0b3f7b98ccb') in 0.003191 seconds
Number of updated asset objects reloaded before import = 0
Number of asset objects unloaded after import = 113
Editor requested this worker to shutdown with reason: Scaling down because of idle timeout
TcpMessagingSession - receive error: operation aborted. errorcode: 995, details: La operación de E/S se anuló por una salida de subproceso o por una solicitud de aplicación.
AssetImportWorker is now disconnected from the server
Process exiting
Exiting without the bug reporter. Application will terminate with return code 0