Using pre-set license
Built from '2022.3/staging' branch; Version is '2022.3.21f1 (bf09ca542b87) revision 12519882'; Using compiler version '192829333'; Build Type 'Release'
OS: 'Windows 11  (10.0.22631) 64bit Professional' Language: 'es' Physical Memory: 16109 MB
BatchMode: 1, IsHumanControllingUs: 0, StartBugReporterOnCrash: 0, Is64bit: 1, IsPro: 1

COMMAND LINE ARGUMENTS:
C:\Program Files\Unity\Hub\Editor\2022.3.21f1\Editor\Unity.exe
-adb2
-batchMode
-noUpm
-name
AssetImportWorker7
-projectPath
C:/Users/Juan/Desktop/RPGame/RPGame
-logFile
Logs/AssetImportWorker7.log
-srvPort
52869
Successfully changed project path to: C:/Users/Juan/Desktop/RPGame/RPGame
C:/Users/Juan/Desktop/RPGame/RPGame
[UnityMemory] Configuration Parameters - Can be set up in boot.config
    "memorysetup-bucket-allocator-granularity=16"
    "memorysetup-bucket-allocator-bucket-count=8"
    "memorysetup-bucket-allocator-block-size=33554432"
    "memorysetup-bucket-allocator-block-count=8"
    "memorysetup-main-allocator-block-size=16777216"
    "memorysetup-thread-allocator-block-size=16777216"
    "memorysetup-gfx-main-allocator-block-size=16777216"
    "memorysetup-gfx-thread-allocator-block-size=16777216"
    "memorysetup-cache-allocator-block-size=4194304"
    "memorysetup-typetree-allocator-block-size=2097152"
    "memorysetup-profiler-bucket-allocator-granularity=16"
    "memorysetup-profiler-bucket-allocator-bucket-count=8"
    "memorysetup-profiler-bucket-allocator-block-size=33554432"
    "memorysetup-profiler-bucket-allocator-block-count=8"
    "memorysetup-profiler-allocator-block-size=16777216"
    "memorysetup-profiler-editor-allocator-block-size=1048576"
    "memorysetup-temp-allocator-size-main=16777216"
    "memorysetup-job-temp-allocator-block-size=2097152"
    "memorysetup-job-temp-allocator-block-size-background=1048576"
    "memorysetup-job-temp-allocator-reduction-small-platforms=262144"
    "memorysetup-allocator-temp-initial-block-size-main=262144"
    "memorysetup-allocator-temp-initial-block-size-worker=262144"
    "memorysetup-temp-allocator-size-background-worker=32768"
    "memorysetup-temp-allocator-size-job-worker=262144"
    "memorysetup-temp-allocator-size-preload-manager=33554432"
    "memorysetup-temp-allocator-size-nav-mesh-worker=65536"
    "memorysetup-temp-allocator-size-audio-worker=65536"
    "memorysetup-temp-allocator-size-cloud-worker=32768"
    "memorysetup-temp-allocator-size-gi-baking-worker=262144"
    "memorysetup-temp-allocator-size-gfx=262144"
Player connection [19108] Host "[IP] 192.168.1.31 [Port] 0 [Flags] 2 [Guid] 240632973 [EditorId] 240632973 [Version] 1048832 [Id] WindowsEditor(7,DESKTOP-4SUNC2I) [Debug] 1 [PackageName] WindowsEditor [ProjectName] Editor" joined multi-casting on [225.0.0.222:54997]...

Player connection [19108] Host "[IP] 192.168.1.31 [Port] 0 [Flags] 2 [Guid] 240632973 [EditorId] 240632973 [Version] 1048832 [Id] WindowsEditor(7,DESKTOP-4SUNC2I) [Debug] 1 [PackageName] WindowsEditor [ProjectName] Editor" joined alternative multi-casting on [225.0.0.222:34997]...

[Physics::Module] Initialized MultithreadedJobDispatcher with 15 workers.
Refreshing native plugins compatible for Editor in 5.90 ms, found 3 plugins.
Preloading 0 native plugins for Editor in 0.00 ms.
Initialize engine version: 2022.3.21f1 (bf09ca542b87)
[Subsystems] Discovering subsystems at path C:/Program Files/Unity/Hub/Editor/2022.3.21f1/Editor/Data/Resources/UnitySubsystems
[Subsystems] Discovering subsystems at path C:/Users/Juan/Desktop/RPGame/RPGame/Assets
GfxDevice: creating device client; threaded=0; jobified=0
Direct3D:
    Version:  Direct3D 11.0 [level 11.1]
    Renderer: NVIDIA GeForce RTX 3050 Laptop GPU (ID=0x25a2)
    Vendor:   NVIDIA
    VRAM:     3977 MB
    Driver:   31.0.15.3770
Initialize mono
Mono path[0] = 'C:/Program Files/Unity/Hub/Editor/2022.3.21f1/Editor/Data/Managed'
Mono path[1] = 'C:/Program Files/Unity/Hub/Editor/2022.3.21f1/Editor/Data/MonoBleedingEdge/lib/mono/unityjit-win32'
Mono config path = 'C:/Program Files/Unity/Hub/Editor/2022.3.21f1/Editor/Data/MonoBleedingEdge/etc'
Using monoOptions --debugger-agent=transport=dt_socket,embedding=1,server=y,suspend=n,address=127.0.0.1:56344
Begin MonoManager ReloadAssembly
Registering precompiled unity dll's ...
Register platform support module: C:/Program Files/Unity/Hub/Editor/2022.3.21f1/Editor/Data/PlaybackEngines/WebGLSupport/UnityEditor.WebGL.Extensions.dll
Register platform support module: C:/Program Files/Unity/Hub/Editor/2022.3.21f1/Editor/Data/PlaybackEngines/WindowsStandaloneSupport/UnityEditor.WindowsStandalone.Extensions.dll
Registered in 0.006700 seconds.
- Loaded All Assemblies, in  0.275 seconds
Native extension for WindowsStandalone target not found
Native extension for WebGL target not found
Mono: successfully reloaded assembly
- Finished resetting the current domain, in  0.209 seconds
Domain Reload Profiling: 483ms
	BeginReloadAssembly (83ms)
		ExecutionOrderSort (0ms)
		DisableScriptedObjects (0ms)
		BackupInstance (0ms)
		ReleaseScriptingObjects (0ms)
		CreateAndSetChildDomain (1ms)
	RebuildCommonClasses (26ms)
	RebuildNativeTypeToScriptingClass (8ms)
	initialDomainReloadingComplete (48ms)
	LoadAllAssembliesAndSetupDomain (109ms)
		LoadAssemblies (82ms)
		RebuildTransferFunctionScriptingTraits (0ms)
		AnalyzeDomain (107ms)
			TypeCache.Refresh (106ms)
				TypeCache.ScanAssembly (95ms)
			ScanForSourceGeneratedMonoScriptInfo (0ms)
			ResolveRequiredComponents (0ms)
	FinalizeReload (210ms)
		ReleaseScriptCaches (0ms)
		RebuildScriptCaches (0ms)
		SetupLoadedEditorAssemblies (162ms)
			LogAssemblyErrors (0ms)
			InitializePlatformSupportModulesInManaged (8ms)
			SetLoadedEditorAssemblies (4ms)
			RefreshPlugins (0ms)
			BeforeProcessingInitializeOnLoad (1ms)
			ProcessInitializeOnLoadAttributes (114ms)
			ProcessInitializeOnLoadMethodAttributes (34ms)
			AfterProcessingInitializeOnLoad (0ms)
			EditorAssembliesLoaded (0ms)
		ExecutionOrderSort2 (0ms)
		AwakeInstancesAfterBackupRestoration (0ms)
========================================================================
Worker process is ready to serve import requests
Begin MonoManager ReloadAssembly
- Loaded All Assemblies, in  0.492 seconds
Refreshing native plugins compatible for Editor in 3.07 ms, found 3 plugins.
Native extension for WindowsStandalone target not found
Native extension for WebGL target not found
Package Manager log level set to [2]
[Package Manager] Server::EnsureServerProcessIsRunning -- launch failed, reason: Unity was launched with the -noUpm command-line argument
[Package Manager] UpmClient::Send -- Unable to send message (not connected to UPM process).
[Package Manager] Cannot connect to Unity Package Manager local server
Mono: successfully reloaded assembly
- Finished resetting the current domain, in  0.460 seconds
Domain Reload Profiling: 949ms
	BeginReloadAssembly (121ms)
		ExecutionOrderSort (0ms)
		DisableScriptedObjects (4ms)
		BackupInstance (0ms)
		ReleaseScriptingObjects (0ms)
		CreateAndSetChildDomain (20ms)
	RebuildCommonClasses (23ms)
	RebuildNativeTypeToScriptingClass (7ms)
	initialDomainReloadingComplete (33ms)
	LoadAllAssembliesAndSetupDomain (305ms)
		LoadAssemblies (242ms)
		RebuildTransferFunctionScriptingTraits (0ms)
		AnalyzeDomain (132ms)
			TypeCache.Refresh (116ms)
				TypeCache.ScanAssembly (102ms)
			ScanForSourceGeneratedMonoScriptInfo (12ms)
			ResolveRequiredComponents (4ms)
	FinalizeReload (460ms)
		ReleaseScriptCaches (0ms)
		RebuildScriptCaches (0ms)
		SetupLoadedEditorAssemblies (351ms)
			LogAssemblyErrors (0ms)
			InitializePlatformSupportModulesInManaged (6ms)
			SetLoadedEditorAssemblies (3ms)
			RefreshPlugins (0ms)
			BeforeProcessingInitializeOnLoad (47ms)
			ProcessInitializeOnLoadAttributes (275ms)
			ProcessInitializeOnLoadMethodAttributes (15ms)
			AfterProcessingInitializeOnLoad (5ms)
			EditorAssembliesLoaded (0ms)
		ExecutionOrderSort2 (0ms)
		AwakeInstancesAfterBackupRestoration (4ms)
Launched and connected shader compiler UnityShaderCompiler.exe after 0.05 seconds
Refreshing native plugins compatible for Editor in 3.31 ms, found 3 plugins.
Preloading 0 native plugins for Editor in 0.00 ms.
Unloading 3288 Unused Serialized files (Serialized files now loaded: 0)
Unloading 45 unused Assets / (130.4 KB). Loaded Objects now: 3749.
Memory consumption went from 131.1 MB to 130.9 MB.
Total: 3.274900 ms (FindLiveObjects: 0.223900 ms CreateObjectMapping: 0.073100 ms MarkObjects: 2.862900 ms  DeleteObjects: 0.113900 ms)

AssetImportParameters requested are different than current active one (requested -> active):
  custom:container-demuxer-ogg: 62fdf1f143b41e24485cea50d1cbac27 -> 
  custom:video-codec-MediaFoundation-h265: 746d11721c4dcdbdad8f713fa42b33f4 -> 
  custom:video-decoder-ogg-theora: a1e56fd34408186e4bbccfd4996cb3dc -> 
  custom:framework-win-MediaFoundation: 216162199b28c13a410421893ffa2e32 -> 
  custom:CustomObjectIndexerAttribute: 9a22284fe3817be447336de3de66b15e -> 
  custom:container-demuxer-webm: 4f35f7cbe854078d1ac9338744f61a02 -> 
  custom:container-muxer-webm: aa71ff27fc2769a1b78a27578f13a17b -> 
  custom:video-decoder-webm-vp8: 9c59270c3fd7afecdb556c50c9e8de78 -> 
  custom:SearchIndexIgnoredProperties: e643bd26f0fe6173181afceb89e7c659 -> 
  custom:AudioImporter_EditorPlatform: d09bf68614088b80899f8185d706f6e7 -> 
  custom:video-encoder-webm-vp8: eb34c28f22e8b96e1ab97ce403110664 -> 
  custom:audio-decoder-ogg-vorbis: bf7c407c2cedff20999df2af8eb42d56 -> 
  custom:audio-encoder-webm-vorbis: bf7c407c2cedff20999df2af8eb42d56 -> 
========================================================================
Received Import Request.
  Time since last request: 7085.854887 seconds.
  path: Assets/Player ExplosiveLLC/RPG Character Animations/Animations/Armed/RPG-Character@Armed-Air-Attack-R1.FBX
  artifactKey: Guid(0ae14479f0e2595429705a01f6211bcf) Importer(815301076,1909f56bfc062723c751e8b465ee728b)
Start importing Assets/Player ExplosiveLLC/RPG Character Animations/Animations/Armed/RPG-Character@Armed-Air-Attack-R1.FBX using Guid(0ae14479f0e2595429705a01f6211bcf) Importer(815301076,1909f56bfc062723c751e8b465ee728b)  -> (artifact id: '2ca5a098eea4a6751eca3b9cf04699ae') in 0.043791 seconds
Number of updated asset objects reloaded before import = 0
Number of asset objects unloaded after import = 113
========================================================================
Received Import Request.
  Time since last request: 0.000016 seconds.
  path: Assets/Player ExplosiveLLC/RPG Character Animations/Animations/Armed/RPG-Character@Armed-Block-Dual.FBX
  artifactKey: Guid(3244c1c7898888b46ab9911f61e5a951) Importer(815301076,1909f56bfc062723c751e8b465ee728b)
Start importing Assets/Player ExplosiveLLC/RPG Character Animations/Animations/Armed/RPG-Character@Armed-Block-Dual.FBX using Guid(3244c1c7898888b46ab9911f61e5a951) Importer(815301076,1909f56bfc062723c751e8b465ee728b)  -> (artifact id: '67cc1f5d6a254d99a007a7c2d16c7341') in 0.004549 seconds
Number of updated asset objects reloaded before import = 0
Number of asset objects unloaded after import = 113
========================================================================
Received Import Request.
  Time since last request: 4.336081 seconds.
  path: Assets/Player ExplosiveLLC/RPG Character Animations/Animations/Armed-Shield/RPG-Character@Shield-Attack3.fbx
  artifactKey: Guid(fd8bab3e2f0bc5d408c0bfe6a72bf927) Importer(815301076,1909f56bfc062723c751e8b465ee728b)
Start importing Assets/Player ExplosiveLLC/RPG Character Animations/Animations/Armed-Shield/RPG-Character@Shield-Attack3.fbx using Guid(fd8bab3e2f0bc5d408c0bfe6a72bf927) Importer(815301076,1909f56bfc062723c751e8b465ee728b)  -> (artifact id: '689809d57e2354d5997815066b5b063a') in 0.006766 seconds
Number of updated asset objects reloaded before import = 0
Number of asset objects unloaded after import = 113
========================================================================
Received Import Request.
  Time since last request: 0.000017 seconds.
  path: Assets/Player ExplosiveLLC/RPG Character Animations/Animations/Armed-Shield/RPG-Character@Shield-Run-Backward-Left.fbx
  artifactKey: Guid(8cfb27f0fb2f09242aaceff2e8528456) Importer(815301076,1909f56bfc062723c751e8b465ee728b)
Start importing Assets/Player ExplosiveLLC/RPG Character Animations/Animations/Armed-Shield/RPG-Character@Shield-Run-Backward-Left.fbx using Guid(8cfb27f0fb2f09242aaceff2e8528456) Importer(815301076,1909f56bfc062723c751e8b465ee728b)  -> (artifact id: '74c7e70c792c81a8f0eb145b134a302d') in 0.008748 seconds
Number of updated asset objects reloaded before import = 0
Number of asset objects unloaded after import = 113
========================================================================
Received Import Request.
  Time since last request: 0.000014 seconds.
  path: Assets/Player ExplosiveLLC/RPG Character Animations/Animations/Armed-Shield/RPG-Character@Shield-Run-Backward.fbx
  artifactKey: Guid(5cc2c534a019c70468e9b60ab2d4d83b) Importer(815301076,1909f56bfc062723c751e8b465ee728b)
Start importing Assets/Player ExplosiveLLC/RPG Character Animations/Animations/Armed-Shield/RPG-Character@Shield-Run-Backward.fbx using Guid(5cc2c534a019c70468e9b60ab2d4d83b) Importer(815301076,1909f56bfc062723c751e8b465ee728b)  -> (artifact id: '9433ba1096d442d54183408c55501c90') in 0.009831 seconds
Number of updated asset objects reloaded before import = 0
Number of asset objects unloaded after import = 113
========================================================================
Received Import Request.
  Time since last request: 0.000020 seconds.
  path: Assets/Player ExplosiveLLC/RPG Character Animations/Animations/Armed-Shield/RPG-Character@Shield-Idle-Injured1.fbx
  artifactKey: Guid(2f01dfa6cb9b0784c88f94dad38b0236) Importer(815301076,1909f56bfc062723c751e8b465ee728b)
Start importing Assets/Player ExplosiveLLC/RPG Character Animations/Animations/Armed-Shield/RPG-Character@Shield-Idle-Injured1.fbx using Guid(2f01dfa6cb9b0784c88f94dad38b0236) Importer(815301076,1909f56bfc062723c751e8b465ee728b)  -> (artifact id: 'fa6856379f8038e75c6a282d0ef89d9c') in 0.005367 seconds
Number of updated asset objects reloaded before import = 0
Number of asset objects unloaded after import = 113
========================================================================
Received Import Request.
  Time since last request: 0.000010 seconds.
  path: Assets/Player ExplosiveLLC/RPG Character Animations/Animations/Armed-Shield/RPG-Character@Shield-Revive1.FBX
  artifactKey: Guid(af11fee68ae59604b9285a2bafae965f) Importer(815301076,1909f56bfc062723c751e8b465ee728b)
Start importing Assets/Player ExplosiveLLC/RPG Character Animations/Animations/Armed-Shield/RPG-Character@Shield-Revive1.FBX using Guid(af11fee68ae59604b9285a2bafae965f) Importer(815301076,1909f56bfc062723c751e8b465ee728b)  -> (artifact id: 'ba082952cd701ca0450b8982f1b4d74c') in 0.004466 seconds
Number of updated asset objects reloaded before import = 0
Number of asset objects unloaded after import = 113
========================================================================
Received Import Request.
  Time since last request: 1.885874 seconds.
  path: Assets/Player ExplosiveLLC/RPG Character Animations/Animations/Relax/RPG-Character@Relax-Drink1.FBX
  artifactKey: Guid(53226c1f1d73f2449930fff36bee4058) Importer(815301076,1909f56bfc062723c751e8b465ee728b)
Start importing Assets/Player ExplosiveLLC/RPG Character Animations/Animations/Relax/RPG-Character@Relax-Drink1.FBX using Guid(53226c1f1d73f2449930fff36bee4058) Importer(815301076,1909f56bfc062723c751e8b465ee728b)  -> (artifact id: '06ed6d3308996688618e0386dd7943fa') in 0.005392 seconds
Number of updated asset objects reloaded before import = 0
Number of asset objects unloaded after import = 113
========================================================================
Received Import Request.
  Time since last request: 0.000029 seconds.
  path: Assets/Player ExplosiveLLC/RPG Character Animations/Animations/Relax/RPG-Character@Relax-Laydown-Laydown.FBX
  artifactKey: Guid(b114a6a9e895bd44282faaf61e208e2f) Importer(815301076,1909f56bfc062723c751e8b465ee728b)
Start importing Assets/Player ExplosiveLLC/RPG Character Animations/Animations/Relax/RPG-Character@Relax-Laydown-Laydown.FBX using Guid(b114a6a9e895bd44282faaf61e208e2f) Importer(815301076,1909f56bfc062723c751e8b465ee728b)  -> (artifact id: '345a30d76f2a2bace039674aaa92f96d') in 0.005416 seconds
Number of updated asset objects reloaded before import = 0
Number of asset objects unloaded after import = 113
========================================================================
Received Import Request.
  Time since last request: 0.000183 seconds.
  path: Assets/Player ExplosiveLLC/RPG Character Animations/Animations/Relax/RPG-Character@Relax-Run-Backward-Right.FBX
  artifactKey: Guid(ecb776fab9bd75f448795fe94d400a44) Importer(815301076,1909f56bfc062723c751e8b465ee728b)
Start importing Assets/Player ExplosiveLLC/RPG Character Animations/Animations/Relax/RPG-Character@Relax-Run-Backward-Right.FBX using Guid(ecb776fab9bd75f448795fe94d400a44) Importer(815301076,1909f56bfc062723c751e8b465ee728b)  -> (artifact id: 'a1dd65af0f055e296673a6aed15b4706') in 0.005245 seconds
Number of updated asset objects reloaded before import = 0
Number of asset objects unloaded after import = 113
========================================================================
Received Import Request.
  Time since last request: 0.000024 seconds.
  path: Assets/Player ExplosiveLLC/RPG Character Animations/Animations/Relax/RPG-Character@Relax-Run-Forward-Left.FBX
  artifactKey: Guid(e98d628860024794e98cd7b71db8c1d7) Importer(815301076,1909f56bfc062723c751e8b465ee728b)
Start importing Assets/Player ExplosiveLLC/RPG Character Animations/Animations/Relax/RPG-Character@Relax-Run-Forward-Left.FBX using Guid(e98d628860024794e98cd7b71db8c1d7) Importer(815301076,1909f56bfc062723c751e8b465ee728b)  -> (artifact id: '7b92c03013a257c1fa2324b673982477') in 0.007291 seconds
Number of updated asset objects reloaded before import = 0
Number of asset objects unloaded after import = 113
========================================================================
Received Import Request.
  Time since last request: 0.000033 seconds.
  path: Assets/Player ExplosiveLLC/RPG Character Animations/Animations/Relax/RPG-Character@Relax-Laydown-Getup.FBX
  artifactKey: Guid(ffadc3228096242468477a28c84ae2d0) Importer(815301076,1909f56bfc062723c751e8b465ee728b)
Start importing Assets/Player ExplosiveLLC/RPG Character Animations/Animations/Relax/RPG-Character@Relax-Laydown-Getup.FBX using Guid(ffadc3228096242468477a28c84ae2d0) Importer(815301076,1909f56bfc062723c751e8b465ee728b)  -> (artifact id: 'c48955ed626f4581543c027c7238496b') in 0.005747 seconds
Number of updated asset objects reloaded before import = 0
Number of asset objects unloaded after import = 113
========================================================================
Received Import Request.
  Time since last request: 0.000029 seconds.
  path: Assets/Player ExplosiveLLC/RPG Character Animations/Animations/Relax/RPG-Character@Relax-Idle-Drunk-Female2.FBX
  artifactKey: Guid(2646b3d9fe2788444adb30107edaad9f) Importer(815301076,1909f56bfc062723c751e8b465ee728b)
Start importing Assets/Player ExplosiveLLC/RPG Character Animations/Animations/Relax/RPG-Character@Relax-Idle-Drunk-Female2.FBX using Guid(2646b3d9fe2788444adb30107edaad9f) Importer(815301076,1909f56bfc062723c751e8b465ee728b)  -> (artifact id: 'a0e76eba861cc6e139fd5ec620c61e6a') in 0.005505 seconds
Number of updated asset objects reloaded before import = 0
Number of asset objects unloaded after import = 113
========================================================================
Received Import Request.
  Time since last request: 0.764846 seconds.
  path: Assets/Player ExplosiveLLC/RPG Character Animations/Animations/Unarmed/RPG-Character@Unarmed-Attack-Kick-L2.FBX
  artifactKey: Guid(217b30b06aeaa9c45a61a7615917e30d) Importer(815301076,1909f56bfc062723c751e8b465ee728b)
Start importing Assets/Player ExplosiveLLC/RPG Character Animations/Animations/Unarmed/RPG-Character@Unarmed-Attack-Kick-L2.FBX using Guid(217b30b06aeaa9c45a61a7615917e30d) Importer(815301076,1909f56bfc062723c751e8b465ee728b)  -> (artifact id: '5c0d127ff2ba6ca32ff2dca9909676f0') in 0.005254 seconds
Number of updated asset objects reloaded before import = 0
Number of asset objects unloaded after import = 113
========================================================================
Received Import Request.
  Time since last request: 0.000027 seconds.
  path: Assets/Player ExplosiveLLC/RPG Character Animations/Animations/Unarmed/RPG-Character@Unarmed-Attack-L3.FBX
  artifactKey: Guid(1315bcd7509173f44bc6655b2673dd4d) Importer(815301076,1909f56bfc062723c751e8b465ee728b)
Start importing Assets/Player ExplosiveLLC/RPG Character Animations/Animations/Unarmed/RPG-Character@Unarmed-Attack-L3.FBX using Guid(1315bcd7509173f44bc6655b2673dd4d) Importer(815301076,1909f56bfc062723c751e8b465ee728b)  -> (artifact id: 'e98a62e2dc111e05d86dc9246cda63da') in 0.005268 seconds
Number of updated asset objects reloaded before import = 0
Number of asset objects unloaded after import = 113
========================================================================
Received Import Request.
  Time since last request: 0.000017 seconds.
  path: Assets/Player ExplosiveLLC/RPG Character Animations/Animations/Unarmed/RPG-Character@Unarmed-Attack-Kick-R2.FBX
  artifactKey: Guid(2604e8284213487469221b30cdcb8cf4) Importer(815301076,1909f56bfc062723c751e8b465ee728b)
Start importing Assets/Player ExplosiveLLC/RPG Character Animations/Animations/Unarmed/RPG-Character@Unarmed-Attack-Kick-R2.FBX using Guid(2604e8284213487469221b30cdcb8cf4) Importer(815301076,1909f56bfc062723c751e8b465ee728b)  -> (artifact id: 'f189a9effc0c9f3a2f4c57d4ee3e4f2b') in 0.006345 seconds
Number of updated asset objects reloaded before import = 0
Number of asset objects unloaded after import = 113
========================================================================
Received Import Request.
  Time since last request: 0.000017 seconds.
  path: Assets/Player ExplosiveLLC/RPG Character Animations/Animations/Unarmed/RPG-Character@Unarmed-Attack-Kick-R1.FBX
  artifactKey: Guid(7617ea74d7812ab4ab1ce5cdbd8efe57) Importer(815301076,1909f56bfc062723c751e8b465ee728b)
Start importing Assets/Player ExplosiveLLC/RPG Character Animations/Animations/Unarmed/RPG-Character@Unarmed-Attack-Kick-R1.FBX using Guid(7617ea74d7812ab4ab1ce5cdbd8efe57) Importer(815301076,1909f56bfc062723c751e8b465ee728b)  -> (artifact id: '1a76c596249e7b1a8990259e966e6a90') in 0.004489 seconds
Number of updated asset objects reloaded before import = 0
Number of asset objects unloaded after import = 113
========================================================================
Received Import Request.
  Time since last request: 0.000017 seconds.
  path: Assets/Player ExplosiveLLC/RPG Character Animations/Animations/Unarmed/RPG-Character@Unarmed-Block-GetHit1.FBX
  artifactKey: Guid(c76d1cfd3c060f544997cad19424c969) Importer(815301076,1909f56bfc062723c751e8b465ee728b)
Start importing Assets/Player ExplosiveLLC/RPG Character Animations/Animations/Unarmed/RPG-Character@Unarmed-Block-GetHit1.FBX using Guid(c76d1cfd3c060f544997cad19424c969) Importer(815301076,1909f56bfc062723c751e8b465ee728b)  -> (artifact id: 'b1c6ee84cd3aafd534b020e9b4ec82b8') in 0.004353 seconds
Number of updated asset objects reloaded before import = 0
Number of asset objects unloaded after import = 113
========================================================================
Received Import Request.
  Time since last request: 0.000012 seconds.
  path: Assets/Player ExplosiveLLC/RPG Character Animations/Animations/Unarmed/RPG-Character@Unarmed-Cast-Dual-Attack3.FBX
  artifactKey: Guid(71416662a697c3d49a9f25b65349d832) Importer(815301076,1909f56bfc062723c751e8b465ee728b)
Start importing Assets/Player ExplosiveLLC/RPG Character Animations/Animations/Unarmed/RPG-Character@Unarmed-Cast-Dual-Attack3.FBX using Guid(71416662a697c3d49a9f25b65349d832) Importer(815301076,1909f56bfc062723c751e8b465ee728b)  -> (artifact id: 'cea6146fedde1c5f384db3a50f261fbc') in 0.004344 seconds
Number of updated asset objects reloaded before import = 0
Number of asset objects unloaded after import = 115
